<?xml version="1.0" encoding="utf-8"?>
<coverage line-rate="0.9297" branch-rate="0.8571" version="1.9" timestamp="1762266803" lines-covered="278" lines-valid="299" branches-covered="84" branches-valid="98">
  <sources>
    <source>C:\Users\agusc\desktop\mauri1\TrabajoTarjeta2025\TarjetaSube\</source>
  </sources>
  <packages>
    <package name="TarjetaSube" line-rate="0.9297" branch-rate="0.8571" complexity="126">
      <classes>
        <class name="TarjetaSube.Boleto" filename="Boleto.cs" line-rate="1" branch-rate="1" complexity="8">
          <methods>
            <method name="get_TipoTarjeta" signature="()" line-rate="1" branch-rate="1" complexity="1">
              <lines>
                <line number="7" hits="84" branch="False" />
              </lines>
            </method>
            <method name="get_LineaColectivo" signature="()" line-rate="1" branch-rate="1" complexity="1">
              <lines>
                <line number="8" hits="80" branch="False" />
              </lines>
            </method>
            <method name="get_TotalAbonado" signature="()" line-rate="1" branch-rate="1" complexity="1">
              <lines>
                <line number="9" hits="132" branch="False" />
              </lines>
            </method>
            <method name="get_SaldoRestante" signature="()" line-rate="1" branch-rate="1" complexity="1">
              <lines>
                <line number="10" hits="84" branch="False" />
              </lines>
            </method>
            <method name="get_Fecha" signature="()" line-rate="1" branch-rate="1" complexity="1">
              <lines>
                <line number="11" hits="76" branch="False" />
              </lines>
            </method>
            <method name="get_IdTarjeta" signature="()" line-rate="1" branch-rate="1" complexity="1">
              <lines>
                <line number="12" hits="84" branch="False" />
              </lines>
            </method>
            <method name=".ctor" signature="(System.String,System.String,System.Int32,System.Int32,System.Int32)" line-rate="1" branch-rate="1" complexity="1">
              <lines>
                <line number="15" hits="4" branch="False" />
                <line number="16" hits="4" branch="False" />
                <line number="17" hits="4" branch="False" />
              </lines>
            </method>
            <method name=".ctor" signature="(System.String,System.String,System.Int32,System.Int32,System.Int32,TarjetaSube.Tiempo)" line-rate="1" branch-rate="1" complexity="1">
              <lines>
                <line number="19" hits="72" branch="False" />
                <line number="20" hits="72" branch="False" />
                <line number="21" hits="72" branch="False" />
                <line number="22" hits="72" branch="False" />
                <line number="23" hits="72" branch="False" />
                <line number="24" hits="72" branch="False" />
                <line number="25" hits="72" branch="False" />
                <line number="26" hits="72" branch="False" />
                <line number="27" hits="72" branch="False" />
              </lines>
            </method>
          </methods>
          <lines>
            <line number="7" hits="84" branch="False" />
            <line number="8" hits="80" branch="False" />
            <line number="9" hits="132" branch="False" />
            <line number="10" hits="84" branch="False" />
            <line number="11" hits="76" branch="False" />
            <line number="12" hits="84" branch="False" />
            <line number="15" hits="4" branch="False" />
            <line number="16" hits="4" branch="False" />
            <line number="17" hits="4" branch="False" />
            <line number="19" hits="72" branch="False" />
            <line number="20" hits="72" branch="False" />
            <line number="21" hits="72" branch="False" />
            <line number="22" hits="72" branch="False" />
            <line number="23" hits="72" branch="False" />
            <line number="24" hits="72" branch="False" />
            <line number="25" hits="72" branch="False" />
            <line number="26" hits="72" branch="False" />
            <line number="27" hits="72" branch="False" />
          </lines>
        </class>
        <class name="TarjetaSube.Colectivo" filename="Colectivo.cs" line-rate="0.9582999999999999" branch-rate="0.9166" complexity="15">
          <methods>
            <method name="get_Linea" signature="()" line-rate="1" branch-rate="1" complexity="1">
              <lines>
                <line number="8" hits="101" branch="False" />
              </lines>
            </method>
            <method name="PagarCon" signature="(TarjetaSube.Tarjeta)" line-rate="0.9487000000000001" branch-rate="0.9166" complexity="12">
              <lines>
                <line number="22" hits="73" branch="False" />
                <line number="23" hits="73" branch="True" condition-coverage="50% (1/2)">
                  <conditions>
                    <condition number="9" type="jump" coverage="50%" />
                  </conditions>
                </line>
                <line number="24" hits="0" branch="False" />
                <line number="25" hits="0" branch="False" />
                <line number="28" hits="73" branch="True" condition-coverage="100% (2/2)">
                  <conditions>
                    <condition number="42" type="jump" coverage="100%" />
                  </conditions>
                </line>
                <line number="29" hits="2" branch="False" />
                <line number="30" hits="2" branch="False" />
                <line number="33" hits="71" branch="False" />
                <line number="36" hits="71" branch="True" condition-coverage="100% (2/2)">
                  <conditions>
                    <condition number="75" type="jump" coverage="100%" />
                  </conditions>
                </line>
                <line number="37" hits="12" branch="False" />
                <line number="38" hits="12" branch="False" />
                <line number="39" hits="12" branch="False" />
                <line number="40" hits="59" branch="True" condition-coverage="100% (2/2)">
                  <conditions>
                    <condition number="105" type="jump" coverage="100%" />
                  </conditions>
                </line>
                <line number="41" hits="19" branch="False" />
                <line number="42" hits="19" branch="False" />
                <line number="43" hits="19" branch="False" />
                <line number="44" hits="40" branch="True" condition-coverage="100% (2/2)">
                  <conditions>
                    <condition number="142" type="jump" coverage="100%" />
                  </conditions>
                </line>
                <line number="45" hits="32" branch="False" />
                <line number="46" hits="32" branch="False" />
                <line number="47" hits="32" branch="False" />
                <line number="49" hits="8" branch="False" />
                <line number="50" hits="8" branch="False" />
                <line number="51" hits="8" branch="False" />
                <line number="53" hits="71" branch="True" condition-coverage="100% (2/2)">
                  <conditions>
                    <condition number="184" type="jump" coverage="100%" />
                  </conditions>
                </line>
                <line number="54" hits="3" branch="False" />
                <line number="55" hits="3" branch="False" />
                <line number="58" hits="68" branch="False" />
                <line number="60" hits="68" branch="False" />
                <line number="62" hits="68" branch="False" />
                <line number="64" hits="68" branch="False" />
                <line number="65" hits="68" branch="False" />
                <line number="66" hits="68" branch="False" />
                <line number="67" hits="68" branch="False" />
                <line number="68" hits="68" branch="False" />
                <line number="69" hits="68" branch="False" />
                <line number="70" hits="68" branch="False" />
                <line number="71" hits="68" branch="False" />
                <line number="73" hits="68" branch="False" />
                <line number="74" hits="73" branch="False" />
              </lines>
            </method>
            <method name=".ctor" signature="(System.String)" line-rate="1" branch-rate="1" complexity="1">
              <lines>
                <line number="11" hits="11" branch="False" />
                <line number="12" hits="11" branch="False" />
                <line number="13" hits="11" branch="False" />
              </lines>
            </method>
            <method name=".ctor" signature="(System.String,TarjetaSube.Tiempo)" line-rate="1" branch-rate="1" complexity="1">
              <lines>
                <line number="15" hits="32" branch="False" />
                <line number="16" hits="32" branch="False" />
                <line number="17" hits="32" branch="False" />
                <line number="18" hits="32" branch="False" />
                <line number="19" hits="32" branch="False" />
              </lines>
            </method>
          </methods>
          <lines>
            <line number="8" hits="101" branch="False" />
            <line number="22" hits="73" branch="False" />
            <line number="23" hits="73" branch="True" condition-coverage="50% (1/2)">
              <conditions>
                <condition number="9" type="jump" coverage="50%" />
              </conditions>
            </line>
            <line number="24" hits="0" branch="False" />
            <line number="25" hits="0" branch="False" />
            <line number="28" hits="73" branch="True" condition-coverage="100% (2/2)">
              <conditions>
                <condition number="42" type="jump" coverage="100%" />
              </conditions>
            </line>
            <line number="29" hits="2" branch="False" />
            <line number="30" hits="2" branch="False" />
            <line number="33" hits="71" branch="False" />
            <line number="36" hits="71" branch="True" condition-coverage="100% (2/2)">
              <conditions>
                <condition number="75" type="jump" coverage="100%" />
              </conditions>
            </line>
            <line number="37" hits="12" branch="False" />
            <line number="38" hits="12" branch="False" />
            <line number="39" hits="12" branch="False" />
            <line number="40" hits="59" branch="True" condition-coverage="100% (2/2)">
              <conditions>
                <condition number="105" type="jump" coverage="100%" />
              </conditions>
            </line>
            <line number="41" hits="19" branch="False" />
            <line number="42" hits="19" branch="False" />
            <line number="43" hits="19" branch="False" />
            <line number="44" hits="40" branch="True" condition-coverage="100% (2/2)">
              <conditions>
                <condition number="142" type="jump" coverage="100%" />
              </conditions>
            </line>
            <line number="45" hits="32" branch="False" />
            <line number="46" hits="32" branch="False" />
            <line number="47" hits="32" branch="False" />
            <line number="49" hits="8" branch="False" />
            <line number="50" hits="8" branch="False" />
            <line number="51" hits="8" branch="False" />
            <line number="53" hits="71" branch="True" condition-coverage="100% (2/2)">
              <conditions>
                <condition number="184" type="jump" coverage="100%" />
              </conditions>
            </line>
            <line number="54" hits="3" branch="False" />
            <line number="55" hits="3" branch="False" />
            <line number="58" hits="68" branch="False" />
            <line number="60" hits="68" branch="False" />
            <line number="62" hits="68" branch="False" />
            <line number="64" hits="68" branch="False" />
            <line number="65" hits="68" branch="False" />
            <line number="66" hits="68" branch="False" />
            <line number="67" hits="68" branch="False" />
            <line number="68" hits="68" branch="False" />
            <line number="69" hits="68" branch="False" />
            <line number="70" hits="68" branch="False" />
            <line number="71" hits="68" branch="False" />
            <line number="73" hits="68" branch="False" />
            <line number="74" hits="73" branch="False" />
            <line number="11" hits="11" branch="False" />
            <line number="12" hits="11" branch="False" />
            <line number="13" hits="11" branch="False" />
            <line number="15" hits="32" branch="False" />
            <line number="16" hits="32" branch="False" />
            <line number="17" hits="32" branch="False" />
            <line number="18" hits="32" branch="False" />
            <line number="19" hits="32" branch="False" />
          </lines>
        </class>
        <class name="TarjetaSube.Program" filename="Program.cs" line-rate="0" branch-rate="1" complexity="1">
          <methods>
            <method name="Main" signature="()" line-rate="0" branch-rate="1" complexity="1">
              <lines>
                <line number="9" hits="0" branch="False" />
                <line number="11" hits="0" branch="False" />
              </lines>
            </method>
          </methods>
          <lines>
            <line number="9" hits="0" branch="False" />
            <line number="11" hits="0" branch="False" />
          </lines>
        </class>
        <class name="TarjetaSube.Tarjeta" filename="Tarjeta.cs" line-rate="0.9673" branch-rate="0.8529000000000001" complexity="42">
          <methods>
            <method name="get_Id" signature="()" line-rate="1" branch-rate="1" complexity="1">
              <lines>
                <line number="8" hits="171" branch="False" />
              </lines>
            </method>
            <method name="get_Saldo" signature="()" line-rate="0" branch-rate="1" complexity="1">
              <lines>
                <line number="20" hits="0" branch="False" />
              </lines>
            </method>
            <method name="get_SaldoPendiente" signature="()" line-rate="1" branch-rate="1" complexity="1">
              <lines>
                <line number="21" hits="5" branch="False" />
              </lines>
            </method>
            <method name="ObtenerSaldo" signature="()" line-rate="1" branch-rate="1" complexity="1">
              <lines>
                <line number="33" hits="207" branch="False" />
              </lines>
            </method>
            <method name="Cargar" signature="(System.Int32)" line-rate="1" branch-rate="1" complexity="8">
              <lines>
                <line number="36" hits="58" branch="False" />
                <line number="37" hits="58" branch="False" />
                <line number="38" hits="810" branch="True" condition-coverage="100% (2/2)">
                  <conditions>
                    <condition number="46" type="jump" coverage="100%" />
                  </conditions>
                </line>
                <line number="39" hits="344" branch="False" />
                <line number="40" hits="344" branch="True" condition-coverage="100% (2/2)">
                  <conditions>
                    <condition number="30" type="jump" coverage="100%" />
                  </conditions>
                </line>
                <line number="41" hits="52" branch="False" />
                <line number="42" hits="52" branch="False" />
                <line number="43" hits="52" branch="False" />
                <line number="45" hits="292" branch="False" />
                <line number="47" hits="64" branch="True" condition-coverage="100% (2/2)">
                  <conditions>
                    <condition number="56" type="jump" coverage="100%" />
                  </conditions>
                </line>
                <line number="49" hits="52" branch="False" />
                <line number="51" hits="52" branch="True" condition-coverage="100% (2/2)">
                  <conditions>
                    <condition number="84" type="jump" coverage="100%" />
                  </conditions>
                </line>
                <line number="52" hits="6" branch="False" />
                <line number="53" hits="6" branch="False" />
                <line number="54" hits="6" branch="False" />
                <line number="55" hits="6" branch="False" />
                <line number="57" hits="46" branch="False" />
                <line number="58" hits="46" branch="False" />
                <line number="59" hits="46" branch="False" />
                <line number="61" hits="52" branch="False" />
                <line number="62" hits="58" branch="False" />
              </lines>
            </method>
            <method name="AcreditarCarga" signature="()" line-rate="1" branch-rate="1" complexity="4">
              <lines>
                <line number="65" hits="288" branch="False" />
                <line number="66" hits="288" branch="True" condition-coverage="100% (4/4)">
                  <conditions>
                    <condition number="8" type="jump" coverage="100%" />
                    <condition number="28" type="jump" coverage="100%" />
                  </conditions>
                </line>
                <line number="67" hits="6" branch="False" />
                <line number="68" hits="6" branch="False" />
                <line number="69" hits="6" branch="False" />
                <line number="71" hits="6" branch="False" />
                <line number="72" hits="6" branch="False" />
                <line number="73" hits="6" branch="False" />
                <line number="74" hits="288" branch="False" />
              </lines>
            </method>
            <method name="ObtenerDescuento" signature="()" line-rate="0.7142000000000001" branch-rate="0.5" complexity="8">
              <lines>
                <line number="77" hits="232" branch="False" />
                <line number="78" hits="232" branch="True" condition-coverage="50% (2/4)">
                  <conditions>
                    <condition number="9" type="jump" coverage="50%" />
                    <condition number="29" type="jump" coverage="50%" />
                  </conditions>
                </line>
                <line number="79" hits="0" branch="False" />
                <line number="80" hits="232" branch="True" condition-coverage="50% (2/4)">
                  <conditions>
                    <condition number="51" type="jump" coverage="50%" />
                    <condition number="71" type="jump" coverage="50%" />
                  </conditions>
                </line>
                <line number="81" hits="0" branch="False" />
                <line number="83" hits="232" branch="False" />
                <line number="84" hits="232" branch="False" />
              </lines>
            </method>
            <method name="ObtenerTarifaActual" signature="()" line-rate="1" branch-rate="1" complexity="1">
              <lines>
                <line number="87" hits="232" branch="False" />
                <line number="88" hits="232" branch="False" />
                <line number="89" hits="232" branch="False" />
                <line number="90" hits="232" branch="False" />
              </lines>
            </method>
            <method name="Descontar" signature="(System.Int32)" line-rate="1" branch-rate="1" complexity="2">
              <lines>
                <line number="93" hits="260" branch="False" />
                <line number="94" hits="260" branch="True" condition-coverage="100% (2/2)">
                  <conditions>
                    <condition number="18" type="jump" coverage="100%" />
                  </conditions>
                </line>
                <line number="95" hits="233" branch="False" />
                <line number="97" hits="27" branch="False" />
                <line number="98" hits="27" branch="False" />
                <line number="99" hits="27" branch="False" />
                <line number="100" hits="260" branch="False" />
              </lines>
            </method>
            <method name="Pagar" signature="(TarjetaSube.Tiempo)" line-rate="1" branch-rate="0.875" complexity="8">
              <lines>
                <line number="103" hits="232" branch="False" />
                <line number="104" hits="232" branch="True" condition-coverage="50% (1/2)">
                  <conditions>
                    <condition number="2" type="jump" coverage="50%" />
                  </conditions>
                </line>
                <line number="105" hits="232" branch="False" />
                <line number="107" hits="232" branch="False" />
                <line number="109" hits="232" branch="True" condition-coverage="100% (4/4)">
                  <conditions>
                    <condition number="38" type="jump" coverage="100%" />
                    <condition number="63" type="jump" coverage="100%" />
                  </conditions>
                </line>
                <line number="110" hits="5" branch="False" />
                <line number="111" hits="5" branch="False" />
                <line number="112" hits="5" branch="False" />
                <line number="113" hits="5" branch="False" />
                <line number="114" hits="5" branch="False" />
                <line number="116" hits="232" branch="False" />
                <line number="118" hits="232" branch="False" />
                <line number="120" hits="232" branch="True" condition-coverage="100% (2/2)">
                  <conditions>
                    <condition number="120" type="jump" coverage="100%" />
                  </conditions>
                </line>
                <line number="121" hits="1" branch="False" />
                <line number="122" hits="1" branch="False" />
                <line number="123" hits="1" branch="False" />
                <line number="125" hits="232" branch="False" />
                <line number="126" hits="232" branch="False" />
              </lines>
            </method>
            <method name="PuedeViajar" signature="(TarjetaSube.Tiempo)" line-rate="1" branch-rate="1" complexity="1">
              <lines>
                <line number="128" hits="60" branch="False" />
              </lines>
            </method>
            <method name="RegistrarViaje" signature="(TarjetaSube.Tiempo)" line-rate="1" branch-rate="1" complexity="4">
              <lines>
                <line number="131" hits="10" branch="False" />
                <line number="132" hits="10" branch="False" />
                <line number="134" hits="10" branch="True" condition-coverage="100% (4/4)">
                  <conditions>
                    <condition number="21" type="jump" coverage="100%" />
                    <condition number="46" type="jump" coverage="100%" />
                  </conditions>
                </line>
                <line number="135" hits="7" branch="False" />
                <line number="136" hits="7" branch="False" />
                <line number="137" hits="7" branch="False" />
                <line number="138" hits="7" branch="False" />
                <line number="139" hits="7" branch="False" />
                <line number="141" hits="10" branch="False" />
                <line number="142" hits="10" branch="False" />
              </lines>
            </method>
            <method name="ObtenerViajesDelMes" signature="()" line-rate="1" branch-rate="1" complexity="1">
              <lines>
                <line number="144" hits="3" branch="False" />
              </lines>
            </method>
            <method name=".ctor" signature="()" line-rate="1" branch-rate="1" complexity="1">
              <lines>
                <line number="13" hits="78" branch="False" />
                <line number="23" hits="78" branch="False" />
                <line number="24" hits="78" branch="False" />
                <line number="25" hits="78" branch="False" />
                <line number="26" hits="78" branch="False" />
                <line number="27" hits="78" branch="False" />
                <line number="28" hits="78" branch="False" />
                <line number="29" hits="78" branch="False" />
                <line number="30" hits="78" branch="False" />
                <line number="31" hits="78" branch="False" />
              </lines>
            </method>
          </methods>
          <lines>
            <line number="8" hits="171" branch="False" />
            <line number="20" hits="0" branch="False" />
            <line number="21" hits="5" branch="False" />
            <line number="33" hits="207" branch="False" />
            <line number="36" hits="58" branch="False" />
            <line number="37" hits="58" branch="False" />
            <line number="38" hits="810" branch="True" condition-coverage="100% (2/2)">
              <conditions>
                <condition number="46" type="jump" coverage="100%" />
              </conditions>
            </line>
            <line number="39" hits="344" branch="False" />
            <line number="40" hits="344" branch="True" condition-coverage="100% (2/2)">
              <conditions>
                <condition number="30" type="jump" coverage="100%" />
              </conditions>
            </line>
            <line number="41" hits="52" branch="False" />
            <line number="42" hits="52" branch="False" />
            <line number="43" hits="52" branch="False" />
            <line number="45" hits="292" branch="False" />
            <line number="47" hits="64" branch="True" condition-coverage="100% (2/2)">
              <conditions>
                <condition number="56" type="jump" coverage="100%" />
              </conditions>
            </line>
            <line number="49" hits="52" branch="False" />
            <line number="51" hits="52" branch="True" condition-coverage="100% (2/2)">
              <conditions>
                <condition number="84" type="jump" coverage="100%" />
              </conditions>
            </line>
            <line number="52" hits="6" branch="False" />
            <line number="53" hits="6" branch="False" />
            <line number="54" hits="6" branch="False" />
            <line number="55" hits="6" branch="False" />
            <line number="57" hits="46" branch="False" />
            <line number="58" hits="46" branch="False" />
            <line number="59" hits="46" branch="False" />
            <line number="61" hits="52" branch="False" />
            <line number="62" hits="58" branch="False" />
            <line number="65" hits="288" branch="False" />
            <line number="66" hits="288" branch="True" condition-coverage="100% (4/4)">
              <conditions>
                <condition number="8" type="jump" coverage="100%" />
                <condition number="28" type="jump" coverage="100%" />
              </conditions>
            </line>
            <line number="67" hits="6" branch="False" />
            <line number="68" hits="6" branch="False" />
            <line number="69" hits="6" branch="False" />
            <line number="71" hits="6" branch="False" />
            <line number="72" hits="6" branch="False" />
            <line number="73" hits="6" branch="False" />
            <line number="74" hits="288" branch="False" />
            <line number="77" hits="232" branch="False" />
            <line number="78" hits="232" branch="True" condition-coverage="50% (2/4)">
              <conditions>
                <condition number="9" type="jump" coverage="50%" />
                <condition number="29" type="jump" coverage="50%" />
              </conditions>
            </line>
            <line number="79" hits="0" branch="False" />
            <line number="80" hits="232" branch="True" condition-coverage="50% (2/4)">
              <conditions>
                <condition number="51" type="jump" coverage="50%" />
                <condition number="71" type="jump" coverage="50%" />
              </conditions>
            </line>
            <line number="81" hits="0" branch="False" />
            <line number="83" hits="232" branch="False" />
            <line number="84" hits="232" branch="False" />
            <line number="87" hits="232" branch="False" />
            <line number="88" hits="232" branch="False" />
            <line number="89" hits="232" branch="False" />
            <line number="90" hits="232" branch="False" />
            <line number="93" hits="260" branch="False" />
            <line number="94" hits="260" branch="True" condition-coverage="100% (2/2)">
              <conditions>
                <condition number="18" type="jump" coverage="100%" />
              </conditions>
            </line>
            <line number="95" hits="233" branch="False" />
            <line number="97" hits="27" branch="False" />
            <line number="98" hits="27" branch="False" />
            <line number="99" hits="27" branch="False" />
            <line number="100" hits="260" branch="False" />
            <line number="103" hits="232" branch="False" />
            <line number="104" hits="232" branch="True" condition-coverage="50% (1/2)">
              <conditions>
                <condition number="2" type="jump" coverage="50%" />
              </conditions>
            </line>
            <line number="105" hits="232" branch="False" />
            <line number="107" hits="232" branch="False" />
            <line number="109" hits="232" branch="True" condition-coverage="100% (4/4)">
              <conditions>
                <condition number="38" type="jump" coverage="100%" />
                <condition number="63" type="jump" coverage="100%" />
              </conditions>
            </line>
            <line number="110" hits="5" branch="False" />
            <line number="111" hits="5" branch="False" />
            <line number="112" hits="5" branch="False" />
            <line number="113" hits="5" branch="False" />
            <line number="114" hits="5" branch="False" />
            <line number="116" hits="232" branch="False" />
            <line number="118" hits="232" branch="False" />
            <line number="120" hits="232" branch="True" condition-coverage="100% (2/2)">
              <conditions>
                <condition number="120" type="jump" coverage="100%" />
              </conditions>
            </line>
            <line number="121" hits="1" branch="False" />
            <line number="122" hits="1" branch="False" />
            <line number="123" hits="1" branch="False" />
            <line number="125" hits="232" branch="False" />
            <line number="126" hits="232" branch="False" />
            <line number="128" hits="60" branch="False" />
            <line number="131" hits="10" branch="False" />
            <line number="132" hits="10" branch="False" />
            <line number="134" hits="10" branch="True" condition-coverage="100% (4/4)">
              <conditions>
                <condition number="21" type="jump" coverage="100%" />
                <condition number="46" type="jump" coverage="100%" />
              </conditions>
            </line>
            <line number="135" hits="7" branch="False" />
            <line number="136" hits="7" branch="False" />
            <line number="137" hits="7" branch="False" />
            <line number="138" hits="7" branch="False" />
            <line number="139" hits="7" branch="False" />
            <line number="141" hits="10" branch="False" />
            <line number="142" hits="10" branch="False" />
            <line number="144" hits="3" branch="False" />
            <line number="13" hits="78" branch="False" />
            <line number="23" hits="78" branch="False" />
            <line number="24" hits="78" branch="False" />
            <line number="25" hits="78" branch="False" />
            <line number="26" hits="78" branch="False" />
            <line number="27" hits="78" branch="False" />
            <line number="28" hits="78" branch="False" />
            <line number="29" hits="78" branch="False" />
            <line number="30" hits="78" branch="False" />
            <line number="31" hits="78" branch="False" />
          </lines>
        </class>
        <class name="TarjetaSube.MedioBoleto" filename="Tarjeta.cs" line-rate="1" branch-rate="0.9" complexity="20">
          <methods>
            <method name="Descontar" signature="(System.Int32)" line-rate="1" branch-rate="0.5" complexity="2">
              <lines>
                <line number="158" hits="1" branch="False" />
                <line number="159" hits="1" branch="False" />
                <line number="160" hits="1" branch="True" condition-coverage="50% (1/2)">
                  <conditions>
                    <condition number="22" type="jump" coverage="50%" />
                  </conditions>
                </line>
                <line number="161" hits="1" branch="False" />
                <line number="162" hits="1" branch="False" />
                <line number="163" hits="1" branch="False" />
                <line number="164" hits="1" branch="False" />
              </lines>
            </method>
            <method name="Pagar" signature="(TarjetaSube.Tiempo)" line-rate="1" branch-rate="1" complexity="2">
              <lines>
                <line number="167" hits="1" branch="False" />
                <line number="168" hits="1" branch="True" condition-coverage="100% (2/2)">
                  <conditions>
                    <condition number="2" type="jump" coverage="100%" />
                  </conditions>
                </line>
                <line number="169" hits="1" branch="False" />
                <line number="170" hits="1" branch="False" />
                <line number="171" hits="1" branch="False" />
              </lines>
            </method>
            <method name="PuedeViajar" signature="(TarjetaSube.Tiempo)" line-rate="1" branch-rate="1" complexity="8">
              <lines>
                <line number="174" hits="14" branch="False" />
                <line number="175" hits="14" branch="False" />
                <line number="177" hits="14" branch="True" condition-coverage="100% (2/2)">
                  <conditions>
                    <condition number="21" type="jump" coverage="100%" />
                  </conditions>
                </line>
                <line number="178" hits="8" branch="False" />
                <line number="179" hits="8" branch="False" />
                <line number="180" hits="8" branch="True" condition-coverage="100% (2/2)">
                  <conditions>
                    <condition number="62" type="jump" coverage="100%" />
                  </conditions>
                </line>
                <line number="181" hits="2" branch="False" />
                <line number="182" hits="2" branch="False" />
                <line number="184" hits="6" branch="False" />
                <line number="186" hits="12" branch="True" condition-coverage="100% (4/4)">
                  <conditions>
                    <condition number="82" type="jump" coverage="100%" />
                    <condition number="123" type="jump" coverage="100%" />
                  </conditions>
                </line>
                <line number="187" hits="7" branch="False" />
                <line number="188" hits="7" branch="False" />
                <line number="189" hits="7" branch="False" />
                <line number="190" hits="7" branch="False" />
                <line number="192" hits="12" branch="False" />
                <line number="193" hits="14" branch="False" />
              </lines>
            </method>
            <method name="RegistrarViaje" signature="(TarjetaSube.Tiempo)" line-rate="1" branch-rate="1" complexity="4">
              <lines>
                <line number="196" hits="13" branch="False" />
                <line number="197" hits="13" branch="False" />
                <line number="198" hits="13" branch="False" />
                <line number="200" hits="13" branch="True" condition-coverage="100% (4/4)">
                  <conditions>
                    <condition number="31" type="jump" coverage="100%" />
                    <condition number="69" type="jump" coverage="100%" />
                  </conditions>
                </line>
                <line number="201" hits="1" branch="False" />
                <line number="202" hits="1" branch="False" />
                <line number="203" hits="1" branch="False" />
                <line number="204" hits="1" branch="False" />
                <line number="206" hits="13" branch="False" />
                <line number="207" hits="13" branch="False" />
              </lines>
            </method>
            <method name="ObtenerTarifaActual" signature="()" line-rate="1" branch-rate="1" complexity="2">
              <lines>
                <line number="210" hits="12" branch="False" />
                <line number="211" hits="12" branch="True" condition-coverage="100% (2/2)">
                  <conditions>
                    <condition number="15" type="jump" coverage="100%" />
                  </conditions>
                </line>
                <line number="212" hits="2" branch="False" />
                <line number="213" hits="10" branch="False" />
                <line number="214" hits="12" branch="False" />
              </lines>
            </method>
            <method name="DescontarSegunViajes" signature="()" line-rate="1" branch-rate="0.5" complexity="2">
              <lines>
                <line number="217" hits="12" branch="False" />
                <line number="218" hits="12" branch="False" />
                <line number="219" hits="12" branch="True" condition-coverage="50% (1/2)">
                  <conditions>
                    <condition number="25" type="jump" coverage="50%" />
                  </conditions>
                </line>
                <line number="220" hits="12" branch="False" />
                <line number="221" hits="12" branch="False" />
                <line number="222" hits="12" branch="False" />
                <line number="223" hits="12" branch="False" />
              </lines>
            </method>
          </methods>
          <lines>
            <line number="158" hits="1" branch="False" />
            <line number="159" hits="1" branch="False" />
            <line number="160" hits="1" branch="True" condition-coverage="50% (1/2)">
              <conditions>
                <condition number="22" type="jump" coverage="50%" />
              </conditions>
            </line>
            <line number="161" hits="1" branch="False" />
            <line number="162" hits="1" branch="False" />
            <line number="163" hits="1" branch="False" />
            <line number="164" hits="1" branch="False" />
            <line number="167" hits="1" branch="False" />
            <line number="168" hits="1" branch="True" condition-coverage="100% (2/2)">
              <conditions>
                <condition number="2" type="jump" coverage="100%" />
              </conditions>
            </line>
            <line number="169" hits="1" branch="False" />
            <line number="170" hits="1" branch="False" />
            <line number="171" hits="1" branch="False" />
            <line number="174" hits="14" branch="False" />
            <line number="175" hits="14" branch="False" />
            <line number="177" hits="14" branch="True" condition-coverage="100% (2/2)">
              <conditions>
                <condition number="21" type="jump" coverage="100%" />
              </conditions>
            </line>
            <line number="178" hits="8" branch="False" />
            <line number="179" hits="8" branch="False" />
            <line number="180" hits="8" branch="True" condition-coverage="100% (2/2)">
              <conditions>
                <condition number="62" type="jump" coverage="100%" />
              </conditions>
            </line>
            <line number="181" hits="2" branch="False" />
            <line number="182" hits="2" branch="False" />
            <line number="184" hits="6" branch="False" />
            <line number="186" hits="12" branch="True" condition-coverage="100% (4/4)">
              <conditions>
                <condition number="82" type="jump" coverage="100%" />
                <condition number="123" type="jump" coverage="100%" />
              </conditions>
            </line>
            <line number="187" hits="7" branch="False" />
            <line number="188" hits="7" branch="False" />
            <line number="189" hits="7" branch="False" />
            <line number="190" hits="7" branch="False" />
            <line number="192" hits="12" branch="False" />
            <line number="193" hits="14" branch="False" />
            <line number="196" hits="13" branch="False" />
            <line number="197" hits="13" branch="False" />
            <line number="198" hits="13" branch="False" />
            <line number="200" hits="13" branch="True" condition-coverage="100% (4/4)">
              <conditions>
                <condition number="31" type="jump" coverage="100%" />
                <condition number="69" type="jump" coverage="100%" />
              </conditions>
            </line>
            <line number="201" hits="1" branch="False" />
            <line number="202" hits="1" branch="False" />
            <line number="203" hits="1" branch="False" />
            <line number="204" hits="1" branch="False" />
            <line number="206" hits="13" branch="False" />
            <line number="207" hits="13" branch="False" />
            <line number="210" hits="12" branch="False" />
            <line number="211" hits="12" branch="True" condition-coverage="100% (2/2)">
              <conditions>
                <condition number="15" type="jump" coverage="100%" />
              </conditions>
            </line>
            <line number="212" hits="2" branch="False" />
            <line number="213" hits="10" branch="False" />
            <line number="214" hits="12" branch="False" />
            <line number="217" hits="12" branch="False" />
            <line number="218" hits="12" branch="False" />
            <line number="219" hits="12" branch="True" condition-coverage="50% (1/2)">
              <conditions>
                <condition number="25" type="jump" coverage="50%" />
              </conditions>
            </line>
            <line number="220" hits="12" branch="False" />
            <line number="221" hits="12" branch="False" />
            <line number="222" hits="12" branch="False" />
            <line number="223" hits="12" branch="False" />
          </lines>
        </class>
        <class name="TarjetaSube.BoletoGratuito" filename="Tarjeta.cs" line-rate="0.7428" branch-rate="0.75" complexity="17">
          <methods>
            <method name="Pagar" signature="(TarjetaSube.Tiempo)" line-rate="0" branch-rate="0" complexity="2">
              <lines>
                <line number="233" hits="0" branch="False" />
                <line number="234" hits="0" branch="True" condition-coverage="0% (0/2)">
                  <conditions>
                    <condition number="2" type="jump" coverage="0%" />
                  </conditions>
                </line>
                <line number="235" hits="0" branch="False" />
                <line number="236" hits="0" branch="False" />
              </lines>
            </method>
            <method name="Descontar" signature="(System.Int32)" line-rate="0" branch-rate="1" complexity="1">
              <lines>
                <line number="238" hits="0" branch="False" />
              </lines>
            </method>
            <method name="RegistrarViaje" signature="(TarjetaSube.Tiempo)" line-rate="0.5555" branch-rate="0.5" complexity="4">
              <lines>
                <line number="241" hits="20" branch="False" />
                <line number="242" hits="20" branch="False" />
                <line number="244" hits="20" branch="True" condition-coverage="50% (2/4)">
                  <conditions>
                    <condition number="19" type="jump" coverage="50%" />
                    <condition number="57" type="jump" coverage="50%" />
                  </conditions>
                </line>
                <line number="245" hits="0" branch="False" />
                <line number="246" hits="0" branch="False" />
                <line number="247" hits="0" branch="False" />
                <line number="248" hits="0" branch="False" />
                <line number="250" hits="20" branch="False" />
                <line number="251" hits="20" branch="False" />
              </lines>
            </method>
            <method name="ObtenerTarifaActual" signature="()" line-rate="1" branch-rate="1" complexity="2">
              <lines>
                <line number="254" hits="23" branch="False" />
                <line number="255" hits="23" branch="True" condition-coverage="100% (2/2)">
                  <conditions>
                    <condition number="15" type="jump" coverage="100%" />
                  </conditions>
                </line>
                <line number="256" hits="7" branch="False" />
                <line number="257" hits="16" branch="False" />
                <line number="258" hits="23" branch="False" />
              </lines>
            </method>
            <method name="DescontarSegunViajes" signature="(TarjetaSube.Tiempo)" line-rate="1" branch-rate="1" complexity="8">
              <lines>
                <line number="261" hits="23" branch="False" />
                <line number="262" hits="23" branch="False" />
                <line number="264" hits="23" branch="True" condition-coverage="100% (4/4)">
                  <conditions>
                    <condition number="19" type="jump" coverage="100%" />
                    <condition number="57" type="jump" coverage="100%" />
                  </conditions>
                </line>
                <line number="265" hits="10" branch="False" />
                <line number="266" hits="10" branch="False" />
                <line number="267" hits="10" branch="False" />
                <line number="268" hits="10" branch="False" />
                <line number="270" hits="23" branch="False" />
                <line number="272" hits="23" branch="True" condition-coverage="100% (2/2)">
                  <conditions>
                    <condition number="95" type="jump" coverage="100%" />
                  </conditions>
                </line>
                <line number="273" hits="16" branch="False" />
                <line number="275" hits="7" branch="True" condition-coverage="100% (2/2)">
                  <conditions>
                    <condition number="121" type="jump" coverage="100%" />
                  </conditions>
                </line>
                <line number="276" hits="1" branch="False" />
                <line number="278" hits="6" branch="False" />
                <line number="279" hits="6" branch="False" />
                <line number="280" hits="6" branch="False" />
                <line number="281" hits="23" branch="False" />
              </lines>
            </method>
          </methods>
          <lines>
            <line number="233" hits="0" branch="False" />
            <line number="234" hits="0" branch="True" condition-coverage="0% (0/2)">
              <conditions>
                <condition number="2" type="jump" coverage="0%" />
              </conditions>
            </line>
            <line number="235" hits="0" branch="False" />
            <line number="236" hits="0" branch="False" />
            <line number="238" hits="0" branch="False" />
            <line number="241" hits="20" branch="False" />
            <line number="242" hits="20" branch="False" />
            <line number="244" hits="20" branch="True" condition-coverage="50% (2/4)">
              <conditions>
                <condition number="19" type="jump" coverage="50%" />
                <condition number="57" type="jump" coverage="50%" />
              </conditions>
            </line>
            <line number="245" hits="0" branch="False" />
            <line number="246" hits="0" branch="False" />
            <line number="247" hits="0" branch="False" />
            <line number="248" hits="0" branch="False" />
            <line number="250" hits="20" branch="False" />
            <line number="251" hits="20" branch="False" />
            <line number="254" hits="23" branch="False" />
            <line number="255" hits="23" branch="True" condition-coverage="100% (2/2)">
              <conditions>
                <condition number="15" type="jump" coverage="100%" />
              </conditions>
            </line>
            <line number="256" hits="7" branch="False" />
            <line number="257" hits="16" branch="False" />
            <line number="258" hits="23" branch="False" />
            <line number="261" hits="23" branch="False" />
            <line number="262" hits="23" branch="False" />
            <line number="264" hits="23" branch="True" condition-coverage="100% (4/4)">
              <conditions>
                <condition number="19" type="jump" coverage="100%" />
                <condition number="57" type="jump" coverage="100%" />
              </conditions>
            </line>
            <line number="265" hits="10" branch="False" />
            <line number="266" hits="10" branch="False" />
            <line number="267" hits="10" branch="False" />
            <line number="268" hits="10" branch="False" />
            <line number="270" hits="23" branch="False" />
            <line number="272" hits="23" branch="True" condition-coverage="100% (2/2)">
              <conditions>
                <condition number="95" type="jump" coverage="100%" />
              </conditions>
            </line>
            <line number="273" hits="16" branch="False" />
            <line number="275" hits="7" branch="True" condition-coverage="100% (2/2)">
              <conditions>
                <condition number="121" type="jump" coverage="100%" />
              </conditions>
            </line>
            <line number="276" hits="1" branch="False" />
            <line number="278" hits="6" branch="False" />
            <line number="279" hits="6" branch="False" />
            <line number="280" hits="6" branch="False" />
            <line number="281" hits="23" branch="False" />
          </lines>
        </class>
        <class name="TarjetaSube.FranquiciaCompleta" filename="Tarjeta.cs" line-rate="0.8571" branch-rate="0.875" complexity="17">
          <methods>
            <method name="Pagar" signature="(TarjetaSube.Tiempo)" line-rate="1" branch-rate="1" complexity="2">
              <lines>
                <line number="291" hits="1" branch="False" />
                <line number="292" hits="1" branch="True" condition-coverage="100% (2/2)">
                  <conditions>
                    <condition number="2" type="jump" coverage="100%" />
                  </conditions>
                </line>
                <line number="293" hits="1" branch="False" />
                <line number="294" hits="1" branch="False" />
              </lines>
            </method>
            <method name="Descontar" signature="(System.Int32)" line-rate="0" branch-rate="1" complexity="1">
              <lines>
                <line number="296" hits="0" branch="False" />
              </lines>
            </method>
            <method name="RegistrarViaje" signature="(TarjetaSube.Tiempo)" line-rate="0.5555" branch-rate="0.5" complexity="4">
              <lines>
                <line number="299" hits="31" branch="False" />
                <line number="300" hits="31" branch="False" />
                <line number="302" hits="31" branch="True" condition-coverage="50% (2/4)">
                  <conditions>
                    <condition number="19" type="jump" coverage="50%" />
                    <condition number="57" type="jump" coverage="50%" />
                  </conditions>
                </line>
                <line number="303" hits="0" branch="False" />
                <line number="304" hits="0" branch="False" />
                <line number="305" hits="0" branch="False" />
                <line number="306" hits="0" branch="False" />
                <line number="308" hits="31" branch="False" />
                <line number="309" hits="31" branch="False" />
              </lines>
            </method>
            <method name="ObtenerTarifaActual" signature="()" line-rate="1" branch-rate="1" complexity="2">
              <lines>
                <line number="312" hits="33" branch="False" />
                <line number="313" hits="33" branch="True" condition-coverage="100% (2/2)">
                  <conditions>
                    <condition number="15" type="jump" coverage="100%" />
                  </conditions>
                </line>
                <line number="314" hits="10" branch="False" />
                <line number="315" hits="23" branch="False" />
                <line number="316" hits="33" branch="False" />
              </lines>
            </method>
            <method name="DescontarSegunViajes" signature="(TarjetaSube.Tiempo)" line-rate="1" branch-rate="1" complexity="8">
              <lines>
                <line number="319" hits="33" branch="False" />
                <line number="320" hits="33" branch="False" />
                <line number="322" hits="33" branch="True" condition-coverage="100% (4/4)">
                  <conditions>
                    <condition number="19" type="jump" coverage="100%" />
                    <condition number="57" type="jump" coverage="100%" />
                  </conditions>
                </line>
                <line number="323" hits="14" branch="False" />
                <line number="324" hits="14" branch="False" />
                <line number="325" hits="14" branch="False" />
                <line number="326" hits="14" branch="False" />
                <line number="328" hits="33" branch="False" />
                <line number="330" hits="33" branch="True" condition-coverage="100% (2/2)">
                  <conditions>
                    <condition number="95" type="jump" coverage="100%" />
                  </conditions>
                </line>
                <line number="331" hits="23" branch="False" />
                <line number="333" hits="10" branch="True" condition-coverage="100% (2/2)">
                  <conditions>
                    <condition number="121" type="jump" coverage="100%" />
                  </conditions>
                </line>
                <line number="334" hits="1" branch="False" />
                <line number="336" hits="9" branch="False" />
                <line number="337" hits="9" branch="False" />
                <line number="338" hits="9" branch="False" />
                <line number="339" hits="33" branch="False" />
              </lines>
            </method>
          </methods>
          <lines>
            <line number="291" hits="1" branch="False" />
            <line number="292" hits="1" branch="True" condition-coverage="100% (2/2)">
              <conditions>
                <condition number="2" type="jump" coverage="100%" />
              </conditions>
            </line>
            <line number="293" hits="1" branch="False" />
            <line number="294" hits="1" branch="False" />
            <line number="296" hits="0" branch="False" />
            <line number="299" hits="31" branch="False" />
            <line number="300" hits="31" branch="False" />
            <line number="302" hits="31" branch="True" condition-coverage="50% (2/4)">
              <conditions>
                <condition number="19" type="jump" coverage="50%" />
                <condition number="57" type="jump" coverage="50%" />
              </conditions>
            </line>
            <line number="303" hits="0" branch="False" />
            <line number="304" hits="0" branch="False" />
            <line number="305" hits="0" branch="False" />
            <line number="306" hits="0" branch="False" />
            <line number="308" hits="31" branch="False" />
            <line number="309" hits="31" branch="False" />
            <line number="312" hits="33" branch="False" />
            <line number="313" hits="33" branch="True" condition-coverage="100% (2/2)">
              <conditions>
                <condition number="15" type="jump" coverage="100%" />
              </conditions>
            </line>
            <line number="314" hits="10" branch="False" />
            <line number="315" hits="23" branch="False" />
            <line number="316" hits="33" branch="False" />
            <line number="319" hits="33" branch="False" />
            <line number="320" hits="33" branch="False" />
            <line number="322" hits="33" branch="True" condition-coverage="100% (4/4)">
              <conditions>
                <condition number="19" type="jump" coverage="100%" />
                <condition number="57" type="jump" coverage="100%" />
              </conditions>
            </line>
            <line number="323" hits="14" branch="False" />
            <line number="324" hits="14" branch="False" />
            <line number="325" hits="14" branch="False" />
            <line number="326" hits="14" branch="False" />
            <line number="328" hits="33" branch="False" />
            <line number="330" hits="33" branch="True" condition-coverage="100% (2/2)">
              <conditions>
                <condition number="95" type="jump" coverage="100%" />
              </conditions>
            </line>
            <line number="331" hits="23" branch="False" />
            <line number="333" hits="10" branch="True" condition-coverage="100% (2/2)">
              <conditions>
                <condition number="121" type="jump" coverage="100%" />
              </conditions>
            </line>
            <line number="334" hits="1" branch="False" />
            <line number="336" hits="9" branch="False" />
            <line number="337" hits="9" branch="False" />
            <line number="338" hits="9" branch="False" />
            <line number="339" hits="33" branch="False" />
          </lines>
        </class>
        <class name="TarjetaSube.Tiempo" filename="Tiempo.cs" line-rate="1" branch-rate="1" complexity="2">
          <methods>
            <method name="Now" signature="()" line-rate="1" branch-rate="1" complexity="1">
              <lines>
                <line number="12" hits="30" branch="False" />
                <line number="13" hits="30" branch="False" />
                <line number="14" hits="30" branch="False" />
              </lines>
            </method>
            <method name=".ctor" signature="()" line-rate="1" branch-rate="1" complexity="1">
              <lines>
                <line number="7" hits="53" branch="False" />
                <line number="8" hits="53" branch="False" />
                <line number="9" hits="53" branch="False" />
              </lines>
            </method>
          </methods>
          <lines>
            <line number="12" hits="30" branch="False" />
            <line number="13" hits="30" branch="False" />
            <line number="14" hits="30" branch="False" />
            <line number="7" hits="53" branch="False" />
            <line number="8" hits="53" branch="False" />
            <line number="9" hits="53" branch="False" />
          </lines>
        </class>
        <class name="TarjetaSube.TiempoFalso" filename="TiempoFalso.cs" line-rate="1" branch-rate="1" complexity="4">
          <methods>
            <method name="Now" signature="()" line-rate="1" branch-rate="1" complexity="1">
              <lines>
                <line number="15" hits="424" branch="False" />
                <line number="16" hits="424" branch="False" />
                <line number="17" hits="424" branch="False" />
              </lines>
            </method>
            <method name="AgregarDias" signature="(System.Int32)" line-rate="1" branch-rate="1" complexity="1">
              <lines>
                <line number="20" hits="6" branch="False" />
                <line number="21" hits="6" branch="False" />
                <line number="22" hits="6" branch="False" />
              </lines>
            </method>
            <method name="AgregarMinutos" signature="(System.Int32)" line-rate="1" branch-rate="1" complexity="1">
              <lines>
                <line number="25" hits="9" branch="False" />
                <line number="26" hits="9" branch="False" />
                <line number="27" hits="9" branch="False" />
              </lines>
            </method>
            <method name=".ctor" signature="()" line-rate="1" branch-rate="1" complexity="1">
              <lines>
                <line number="9" hits="34" branch="False" />
                <line number="10" hits="34" branch="False" />
                <line number="11" hits="34" branch="False" />
                <line number="12" hits="34" branch="False" />
              </lines>
            </method>
          </methods>
          <lines>
            <line number="15" hits="424" branch="False" />
            <line number="16" hits="424" branch="False" />
            <line number="17" hits="424" branch="False" />
            <line number="20" hits="6" branch="False" />
            <line number="21" hits="6" branch="False" />
            <line number="22" hits="6" branch="False" />
            <line number="25" hits="9" branch="False" />
            <line number="26" hits="9" branch="False" />
            <line number="27" hits="9" branch="False" />
            <line number="9" hits="34" branch="False" />
            <line number="10" hits="34" branch="False" />
            <line number="11" hits="34" branch="False" />
            <line number="12" hits="34" branch="False" />
          </lines>
        </class>
      </classes>
    </package>
  </packages>
</coverage>