<?xml version="1.0" encoding="utf-8"?>
<coverage line-rate="0.8787999999999999" branch-rate="0.8809" version="1.9" timestamp="1762269772" lines-covered="254" lines-valid="289" branches-covered="74" branches-valid="84">
  <sources>
    <source>C:\Users\Usuario\Desktop\TrabajoTarjeta2025\TarjetaSube\</source>
  </sources>
  <packages>
    <package name="TarjetaSube" line-rate="0.8787999999999999" branch-rate="0.8809" complexity="115">
      <classes>
        <class name="TarjetaSube.Boleto" filename="Boleto.cs" line-rate="1" branch-rate="1" complexity="8">
          <methods>
            <method name="get_TipoTarjeta" signature="()" line-rate="1" branch-rate="1" complexity="1">
              <lines>
                <line number="7" hits="90" branch="False" />
              </lines>
            </method>
            <method name="get_LineaColectivo" signature="()" line-rate="1" branch-rate="1" complexity="1">
              <lines>
                <line number="8" hits="86" branch="False" />
              </lines>
            </method>
            <method name="get_TotalAbonado" signature="()" line-rate="1" branch-rate="1" complexity="1">
              <lines>
                <line number="9" hits="144" branch="False" />
              </lines>
            </method>
            <method name="get_SaldoRestante" signature="()" line-rate="1" branch-rate="1" complexity="1">
              <lines>
                <line number="10" hits="90" branch="False" />
              </lines>
            </method>
            <method name="get_Fecha" signature="()" line-rate="1" branch-rate="1" complexity="1">
              <lines>
                <line number="11" hits="82" branch="False" />
              </lines>
            </method>
            <method name="get_IdTarjeta" signature="()" line-rate="1" branch-rate="1" complexity="1">
              <lines>
                <line number="12" hits="90" branch="False" />
              </lines>
            </method>
            <method name=".ctor" signature="(System.String,System.String,System.Int32,System.Int32,System.Int32)" line-rate="1" branch-rate="1" complexity="1">
              <lines>
                <line number="15" hits="4" branch="False" />
                <line number="16" hits="4" branch="False" />
                <line number="17" hits="4" branch="False" />
              </lines>
            </method>
            <method name=".ctor" signature="(System.String,System.String,System.Int32,System.Int32,System.Int32,TarjetaSube.Tiempo)" line-rate="1" branch-rate="1" complexity="1">
              <lines>
                <line number="19" hits="78" branch="False" />
                <line number="20" hits="78" branch="False" />
                <line number="21" hits="78" branch="False" />
                <line number="22" hits="78" branch="False" />
                <line number="23" hits="78" branch="False" />
                <line number="24" hits="78" branch="False" />
                <line number="25" hits="78" branch="False" />
                <line number="26" hits="78" branch="False" />
                <line number="27" hits="78" branch="False" />
              </lines>
            </method>
          </methods>
          <lines>
            <line number="7" hits="90" branch="False" />
            <line number="8" hits="86" branch="False" />
            <line number="9" hits="144" branch="False" />
            <line number="10" hits="90" branch="False" />
            <line number="11" hits="82" branch="False" />
            <line number="12" hits="90" branch="False" />
            <line number="15" hits="4" branch="False" />
            <line number="16" hits="4" branch="False" />
            <line number="17" hits="4" branch="False" />
            <line number="19" hits="78" branch="False" />
            <line number="20" hits="78" branch="False" />
            <line number="21" hits="78" branch="False" />
            <line number="22" hits="78" branch="False" />
            <line number="23" hits="78" branch="False" />
            <line number="24" hits="78" branch="False" />
            <line number="25" hits="78" branch="False" />
            <line number="26" hits="78" branch="False" />
            <line number="27" hits="78" branch="False" />
          </lines>
        </class>
        <class name="TarjetaSube.Colectivo" filename="Colectivo.cs" line-rate="0.9555" branch-rate="0.9166" complexity="15">
          <methods>
            <method name="get_Linea" signature="()" line-rate="1" branch-rate="1" complexity="1">
              <lines>
                <line number="8" hits="115" branch="False" />
              </lines>
            </method>
            <method name="PagarCon" signature="(TarjetaSube.Tarjeta)" line-rate="0.9444" branch-rate="0.9166" complexity="12">
              <lines>
                <line number="22" hits="79" branch="False" />
                <line number="23" hits="79" branch="True" condition-coverage="50% (1/2)">
                  <conditions>
                    <condition number="9" type="jump" coverage="50%" />
                  </conditions>
                </line>
                <line number="24" hits="0" branch="False" />
                <line number="25" hits="0" branch="False" />
                <line number="28" hits="79" branch="True" condition-coverage="100% (2/2)">
                  <conditions>
                    <condition number="42" type="jump" coverage="100%" />
                  </conditions>
                </line>
                <line number="29" hits="2" branch="False" />
                <line number="30" hits="2" branch="False" />
                <line number="33" hits="77" branch="False" />
                <line number="35" hits="77" branch="False" />
                <line number="37" hits="77" branch="True" condition-coverage="100% (2/2)">
                  <conditions>
                    <condition number="77" type="jump" coverage="100%" />
                  </conditions>
                </line>
                <line number="38" hits="13" branch="False" />
                <line number="39" hits="13" branch="False" />
                <line number="40" hits="13" branch="False" />
                <line number="41" hits="13" branch="False" />
                <line number="42" hits="64" branch="True" condition-coverage="100% (2/2)">
                  <conditions>
                    <condition number="114" type="jump" coverage="100%" />
                  </conditions>
                </line>
                <line number="43" hits="19" branch="False" />
                <line number="44" hits="19" branch="False" />
                <line number="45" hits="19" branch="False" />
                <line number="46" hits="19" branch="False" />
                <line number="47" hits="45" branch="True" condition-coverage="100% (2/2)">
                  <conditions>
                    <condition number="159" type="jump" coverage="100%" />
                  </conditions>
                </line>
                <line number="48" hits="31" branch="False" />
                <line number="49" hits="31" branch="False" />
                <line number="50" hits="31" branch="False" />
                <line number="51" hits="31" branch="False" />
                <line number="53" hits="14" branch="False" />
                <line number="54" hits="14" branch="False" />
                <line number="55" hits="14" branch="False" />
                <line number="56" hits="14" branch="False" />
                <line number="58" hits="77" branch="True" condition-coverage="100% (2/2)">
                  <conditions>
                    <condition number="223" type="jump" coverage="100%" />
                  </conditions>
                </line>
                <line number="59" hits="3" branch="False" />
                <line number="60" hits="3" branch="False" />
                <line number="63" hits="74" branch="False" />
                <line number="67" hits="74" branch="False" />
                <line number="69" hits="74" branch="False" />
                <line number="71" hits="74" branch="False" />
                <line number="72" hits="79" branch="False" />
              </lines>
            </method>
            <method name=".ctor" signature="(System.String)" line-rate="1" branch-rate="1" complexity="1">
              <lines>
                <line number="11" hits="11" branch="False" />
                <line number="12" hits="11" branch="False" />
                <line number="13" hits="11" branch="False" />
              </lines>
            </method>
            <method name=".ctor" signature="(System.String,TarjetaSube.Tiempo)" line-rate="1" branch-rate="1" complexity="1">
              <lines>
                <line number="15" hits="40" branch="False" />
                <line number="16" hits="40" branch="False" />
                <line number="17" hits="40" branch="False" />
                <line number="18" hits="40" branch="False" />
                <line number="19" hits="40" branch="False" />
              </lines>
            </method>
          </methods>
          <lines>
            <line number="8" hits="115" branch="False" />
            <line number="22" hits="79" branch="False" />
            <line number="23" hits="79" branch="True" condition-coverage="50% (1/2)">
              <conditions>
                <condition number="9" type="jump" coverage="50%" />
              </conditions>
            </line>
            <line number="24" hits="0" branch="False" />
            <line number="25" hits="0" branch="False" />
            <line number="28" hits="79" branch="True" condition-coverage="100% (2/2)">
              <conditions>
                <condition number="42" type="jump" coverage="100%" />
              </conditions>
            </line>
            <line number="29" hits="2" branch="False" />
            <line number="30" hits="2" branch="False" />
            <line number="33" hits="77" branch="False" />
            <line number="35" hits="77" branch="False" />
            <line number="37" hits="77" branch="True" condition-coverage="100% (2/2)">
              <conditions>
                <condition number="77" type="jump" coverage="100%" />
              </conditions>
            </line>
            <line number="38" hits="13" branch="False" />
            <line number="39" hits="13" branch="False" />
            <line number="40" hits="13" branch="False" />
            <line number="41" hits="13" branch="False" />
            <line number="42" hits="64" branch="True" condition-coverage="100% (2/2)">
              <conditions>
                <condition number="114" type="jump" coverage="100%" />
              </conditions>
            </line>
            <line number="43" hits="19" branch="False" />
            <line number="44" hits="19" branch="False" />
            <line number="45" hits="19" branch="False" />
            <line number="46" hits="19" branch="False" />
            <line number="47" hits="45" branch="True" condition-coverage="100% (2/2)">
              <conditions>
                <condition number="159" type="jump" coverage="100%" />
              </conditions>
            </line>
            <line number="48" hits="31" branch="False" />
            <line number="49" hits="31" branch="False" />
            <line number="50" hits="31" branch="False" />
            <line number="51" hits="31" branch="False" />
            <line number="53" hits="14" branch="False" />
            <line number="54" hits="14" branch="False" />
            <line number="55" hits="14" branch="False" />
            <line number="56" hits="14" branch="False" />
            <line number="58" hits="77" branch="True" condition-coverage="100% (2/2)">
              <conditions>
                <condition number="223" type="jump" coverage="100%" />
              </conditions>
            </line>
            <line number="59" hits="3" branch="False" />
            <line number="60" hits="3" branch="False" />
            <line number="63" hits="74" branch="False" />
            <line number="67" hits="74" branch="False" />
            <line number="69" hits="74" branch="False" />
            <line number="71" hits="74" branch="False" />
            <line number="72" hits="79" branch="False" />
            <line number="11" hits="11" branch="False" />
            <line number="12" hits="11" branch="False" />
            <line number="13" hits="11" branch="False" />
            <line number="15" hits="40" branch="False" />
            <line number="16" hits="40" branch="False" />
            <line number="17" hits="40" branch="False" />
            <line number="18" hits="40" branch="False" />
            <line number="19" hits="40" branch="False" />
          </lines>
        </class>
        <class name="TarjetaSube.Program" filename="Program.cs" line-rate="0" branch-rate="1" complexity="1">
          <methods>
            <method name="Main" signature="()" line-rate="0" branch-rate="1" complexity="1">
              <lines>
                <line number="9" hits="0" branch="False" />
                <line number="11" hits="0" branch="False" />
              </lines>
            </method>
          </methods>
          <lines>
            <line number="9" hits="0" branch="False" />
            <line number="11" hits="0" branch="False" />
          </lines>
        </class>
        <class name="TarjetaSube.Tarjeta" filename="Tarjeta.cs" line-rate="0.9887999999999999" branch-rate="1" complexity="34">
          <methods>
            <method name="get_Id" signature="()" line-rate="1" branch-rate="1" complexity="1">
              <lines>
                <line number="8" hits="177" branch="False" />
              </lines>
            </method>
            <method name="get_Saldo" signature="()" line-rate="0" branch-rate="1" complexity="1">
              <lines>
                <line number="21" hits="0" branch="False" />
              </lines>
            </method>
            <method name="get_SaldoPendiente" signature="()" line-rate="1" branch-rate="1" complexity="1">
              <lines>
                <line number="22" hits="5" branch="False" />
              </lines>
            </method>
            <method name="ObtenerSaldo" signature="()" line-rate="1" branch-rate="1" complexity="1">
              <lines>
                <line number="35" hits="211" branch="False" />
                <line number="36" hits="211" branch="False" />
                <line number="37" hits="211" branch="False" />
              </lines>
            </method>
            <method name="Cargar" signature="(System.Int32)" line-rate="1" branch-rate="1" complexity="8">
              <lines>
                <line number="40" hits="64" branch="False" />
                <line number="41" hits="64" branch="False" />
                <line number="42" hits="938" branch="True" condition-coverage="100% (2/2)">
                  <conditions>
                    <condition number="46" type="jump" coverage="100%" />
                  </conditions>
                </line>
                <line number="43" hits="404" branch="False" />
                <line number="44" hits="404" branch="True" condition-coverage="100% (2/2)">
                  <conditions>
                    <condition number="30" type="jump" coverage="100%" />
                  </conditions>
                </line>
                <line number="45" hits="62" branch="False" />
                <line number="46" hits="62" branch="False" />
                <line number="47" hits="62" branch="False" />
                <line number="49" hits="342" branch="False" />
                <line number="51" hits="66" branch="True" condition-coverage="100% (2/2)">
                  <conditions>
                    <condition number="56" type="jump" coverage="100%" />
                  </conditions>
                </line>
                <line number="53" hits="62" branch="False" />
                <line number="55" hits="62" branch="True" condition-coverage="100% (2/2)">
                  <conditions>
                    <condition number="84" type="jump" coverage="100%" />
                  </conditions>
                </line>
                <line number="56" hits="11" branch="False" />
                <line number="57" hits="11" branch="False" />
                <line number="58" hits="11" branch="False" />
                <line number="59" hits="11" branch="False" />
                <line number="61" hits="51" branch="False" />
                <line number="62" hits="51" branch="False" />
                <line number="63" hits="51" branch="False" />
                <line number="65" hits="62" branch="False" />
                <line number="66" hits="64" branch="False" />
              </lines>
            </method>
            <method name="AcreditarCarga" signature="()" line-rate="1" branch-rate="1" complexity="4">
              <lines>
                <line number="69" hits="60" branch="False" />
                <line number="70" hits="60" branch="True" condition-coverage="100% (4/4)">
                  <conditions>
                    <condition number="8" type="jump" coverage="100%" />
                    <condition number="28" type="jump" coverage="100%" />
                  </conditions>
                </line>
                <line number="71" hits="11" branch="False" />
                <line number="72" hits="11" branch="False" />
                <line number="73" hits="11" branch="False" />
                <line number="75" hits="11" branch="False" />
                <line number="76" hits="11" branch="False" />
                <line number="77" hits="11" branch="False" />
                <line number="78" hits="60" branch="False" />
              </lines>
            </method>
            <method name="Descontar" signature="(System.Int32)" line-rate="1" branch-rate="1" complexity="2">
              <lines>
                <line number="81" hits="34" branch="False" />
                <line number="82" hits="34" branch="True" condition-coverage="100% (2/2)">
                  <conditions>
                    <condition number="18" type="jump" coverage="100%" />
                  </conditions>
                </line>
                <line number="83" hits="2" branch="False" />
                <line number="84" hits="2" branch="False" />
                <line number="87" hits="32" branch="False" />
                <line number="88" hits="32" branch="False" />
                <line number="89" hits="32" branch="False" />
                <line number="90" hits="34" branch="False" />
              </lines>
            </method>
            <method name="ObtenerDescuento" signature="(TarjetaSube.Tiempo)" line-rate="1" branch-rate="1" complexity="10">
              <lines>
                <line number="94" hits="14" branch="False" />
                <line number="95" hits="14" branch="False" />
                <line number="98" hits="14" branch="True" condition-coverage="100% (2/2)">
                  <conditions>
                    <condition number="28" type="jump" coverage="100%" />
                  </conditions>
                </line>
                <line number="99" hits="9" branch="False" />
                <line number="100" hits="9" branch="False" />
                <line number="101" hits="9" branch="False" />
                <line number="102" hits="9" branch="False" />
                <line number="104" hits="14" branch="False" />
                <line number="106" hits="14" branch="True" condition-coverage="100% (4/4)">
                  <conditions>
                    <condition number="64" type="jump" coverage="100%" />
                    <condition number="79" type="jump" coverage="100%" />
                  </conditions>
                </line>
                <line number="107" hits="1" branch="False" />
                <line number="108" hits="13" branch="True" condition-coverage="100% (4/4)">
                  <conditions>
                    <condition number="97" type="jump" coverage="100%" />
                    <condition number="114" type="jump" coverage="100%" />
                  </conditions>
                </line>
                <line number="109" hits="1" branch="False" />
                <line number="111" hits="12" branch="False" />
                <line number="112" hits="14" branch="False" />
              </lines>
            </method>
            <method name="CalcularTarifaConDescuento" signature="(System.Int32,TarjetaSube.Tiempo)" line-rate="1" branch-rate="1" complexity="1">
              <lines>
                <line number="115" hits="14" branch="False" />
                <line number="116" hits="14" branch="False" />
                <line number="117" hits="14" branch="False" />
                <line number="118" hits="14" branch="False" />
                <line number="119" hits="14" branch="False" />
              </lines>
            </method>
            <method name="ObtenerCantidadViajesMes" signature="()" line-rate="1" branch-rate="1" complexity="1">
              <lines>
                <line number="122" hits="1" branch="False" />
                <line number="123" hits="1" branch="False" />
                <line number="124" hits="1" branch="False" />
              </lines>
            </method>
            <method name="PuedeViajar" signature="(TarjetaSube.Tiempo)" line-rate="1" branch-rate="1" complexity="1">
              <lines>
                <line number="128" hits="64" branch="False" />
                <line number="129" hits="64" branch="False" />
                <line number="130" hits="64" branch="False" />
              </lines>
            </method>
            <method name="RegistrarViaje" signature="(TarjetaSube.Tiempo)" line-rate="1" branch-rate="1" complexity="2">
              <lines>
                <line number="134" hits="304" branch="False" />
                <line number="135" hits="304" branch="False" />
                <line number="137" hits="304" branch="True" condition-coverage="100% (2/2)">
                  <conditions>
                    <condition number="28" type="jump" coverage="100%" />
                  </conditions>
                </line>
                <line number="138" hits="26" branch="False" />
                <line number="139" hits="26" branch="False" />
                <line number="140" hits="26" branch="False" />
                <line number="141" hits="26" branch="False" />
                <line number="143" hits="304" branch="False" />
                <line number="144" hits="304" branch="False" />
              </lines>
            </method>
            <method name=".ctor" signature="()" line-rate="1" branch-rate="1" complexity="1">
              <lines>
                <line number="12" hits="78" branch="False" />
                <line number="18" hits="78" branch="False" />
                <line number="19" hits="78" branch="False" />
                <line number="24" hits="78" branch="False" />
                <line number="25" hits="78" branch="False" />
                <line number="26" hits="78" branch="False" />
                <line number="27" hits="78" branch="False" />
                <line number="28" hits="78" branch="False" />
                <line number="29" hits="78" branch="False" />
                <line number="30" hits="78" branch="False" />
                <line number="31" hits="78" branch="False" />
                <line number="32" hits="78" branch="False" />
              </lines>
            </method>
          </methods>
          <lines>
            <line number="8" hits="177" branch="False" />
            <line number="21" hits="0" branch="False" />
            <line number="22" hits="5" branch="False" />
            <line number="35" hits="211" branch="False" />
            <line number="36" hits="211" branch="False" />
            <line number="37" hits="211" branch="False" />
            <line number="40" hits="64" branch="False" />
            <line number="41" hits="64" branch="False" />
            <line number="42" hits="938" branch="True" condition-coverage="100% (2/2)">
              <conditions>
                <condition number="46" type="jump" coverage="100%" />
              </conditions>
            </line>
            <line number="43" hits="404" branch="False" />
            <line number="44" hits="404" branch="True" condition-coverage="100% (2/2)">
              <conditions>
                <condition number="30" type="jump" coverage="100%" />
              </conditions>
            </line>
            <line number="45" hits="62" branch="False" />
            <line number="46" hits="62" branch="False" />
            <line number="47" hits="62" branch="False" />
            <line number="49" hits="342" branch="False" />
            <line number="51" hits="66" branch="True" condition-coverage="100% (2/2)">
              <conditions>
                <condition number="56" type="jump" coverage="100%" />
              </conditions>
            </line>
            <line number="53" hits="62" branch="False" />
            <line number="55" hits="62" branch="True" condition-coverage="100% (2/2)">
              <conditions>
                <condition number="84" type="jump" coverage="100%" />
              </conditions>
            </line>
            <line number="56" hits="11" branch="False" />
            <line number="57" hits="11" branch="False" />
            <line number="58" hits="11" branch="False" />
            <line number="59" hits="11" branch="False" />
            <line number="61" hits="51" branch="False" />
            <line number="62" hits="51" branch="False" />
            <line number="63" hits="51" branch="False" />
            <line number="65" hits="62" branch="False" />
            <line number="66" hits="64" branch="False" />
            <line number="69" hits="60" branch="False" />
            <line number="70" hits="60" branch="True" condition-coverage="100% (4/4)">
              <conditions>
                <condition number="8" type="jump" coverage="100%" />
                <condition number="28" type="jump" coverage="100%" />
              </conditions>
            </line>
            <line number="71" hits="11" branch="False" />
            <line number="72" hits="11" branch="False" />
            <line number="73" hits="11" branch="False" />
            <line number="75" hits="11" branch="False" />
            <line number="76" hits="11" branch="False" />
            <line number="77" hits="11" branch="False" />
            <line number="78" hits="60" branch="False" />
            <line number="81" hits="34" branch="False" />
            <line number="82" hits="34" branch="True" condition-coverage="100% (2/2)">
              <conditions>
                <condition number="18" type="jump" coverage="100%" />
              </conditions>
            </line>
            <line number="83" hits="2" branch="False" />
            <line number="84" hits="2" branch="False" />
            <line number="87" hits="32" branch="False" />
            <line number="88" hits="32" branch="False" />
            <line number="89" hits="32" branch="False" />
            <line number="90" hits="34" branch="False" />
            <line number="94" hits="14" branch="False" />
            <line number="95" hits="14" branch="False" />
            <line number="98" hits="14" branch="True" condition-coverage="100% (2/2)">
              <conditions>
                <condition number="28" type="jump" coverage="100%" />
              </conditions>
            </line>
            <line number="99" hits="9" branch="False" />
            <line number="100" hits="9" branch="False" />
            <line number="101" hits="9" branch="False" />
            <line number="102" hits="9" branch="False" />
            <line number="104" hits="14" branch="False" />
            <line number="106" hits="14" branch="True" condition-coverage="100% (4/4)">
              <conditions>
                <condition number="64" type="jump" coverage="100%" />
                <condition number="79" type="jump" coverage="100%" />
              </conditions>
            </line>
            <line number="107" hits="1" branch="False" />
            <line number="108" hits="13" branch="True" condition-coverage="100% (4/4)">
              <conditions>
                <condition number="97" type="jump" coverage="100%" />
                <condition number="114" type="jump" coverage="100%" />
              </conditions>
            </line>
            <line number="109" hits="1" branch="False" />
            <line number="111" hits="12" branch="False" />
            <line number="112" hits="14" branch="False" />
            <line number="115" hits="14" branch="False" />
            <line number="116" hits="14" branch="False" />
            <line number="117" hits="14" branch="False" />
            <line number="118" hits="14" branch="False" />
            <line number="119" hits="14" branch="False" />
            <line number="122" hits="1" branch="False" />
            <line number="123" hits="1" branch="False" />
            <line number="124" hits="1" branch="False" />
            <line number="128" hits="64" branch="False" />
            <line number="129" hits="64" branch="False" />
            <line number="130" hits="64" branch="False" />
            <line number="134" hits="304" branch="False" />
            <line number="135" hits="304" branch="False" />
            <line number="137" hits="304" branch="True" condition-coverage="100% (2/2)">
              <conditions>
                <condition number="28" type="jump" coverage="100%" />
              </conditions>
            </line>
            <line number="138" hits="26" branch="False" />
            <line number="139" hits="26" branch="False" />
            <line number="140" hits="26" branch="False" />
            <line number="141" hits="26" branch="False" />
            <line number="143" hits="304" branch="False" />
            <line number="144" hits="304" branch="False" />
            <line number="12" hits="78" branch="False" />
            <line number="18" hits="78" branch="False" />
            <line number="19" hits="78" branch="False" />
            <line number="24" hits="78" branch="False" />
            <line number="25" hits="78" branch="False" />
            <line number="26" hits="78" branch="False" />
            <line number="27" hits="78" branch="False" />
            <line number="28" hits="78" branch="False" />
            <line number="29" hits="78" branch="False" />
            <line number="30" hits="78" branch="False" />
            <line number="31" hits="78" branch="False" />
            <line number="32" hits="78" branch="False" />
          </lines>
        </class>
        <class name="TarjetaSube.MedioBoleto" filename="Tarjeta.cs" line-rate="0.7142000000000001" branch-rate="0.7222" complexity="19">
          <methods>
            <method name="Descontar" signature="(System.Int32)" line-rate="0" branch-rate="0" complexity="2">
              <lines>
                <line number="159" hits="0" branch="False" />
                <line number="160" hits="0" branch="False" />
                <line number="161" hits="0" branch="True" condition-coverage="0% (0/2)">
                  <conditions>
                    <condition number="22" type="jump" coverage="0%" />
                  </conditions>
                </line>
                <line number="162" hits="0" branch="False" />
                <line number="163" hits="0" branch="False" />
                <line number="164" hits="0" branch="False" />
                <line number="165" hits="0" branch="False" />
              </lines>
            </method>
            <method name="PuedeViajar" signature="(TarjetaSube.Tiempo)" line-rate="1" branch-rate="1" complexity="8">
              <lines>
                <line number="168" hits="15" branch="False" />
                <line number="169" hits="15" branch="False" />
                <line number="171" hits="15" branch="True" condition-coverage="100% (2/2)">
                  <conditions>
                    <condition number="21" type="jump" coverage="100%" />
                  </conditions>
                </line>
                <line number="172" hits="8" branch="False" />
                <line number="173" hits="8" branch="False" />
                <line number="174" hits="8" branch="True" condition-coverage="100% (2/2)">
                  <conditions>
                    <condition number="62" type="jump" coverage="100%" />
                  </conditions>
                </line>
                <line number="175" hits="2" branch="False" />
                <line number="176" hits="2" branch="False" />
                <line number="178" hits="6" branch="False" />
                <line number="180" hits="13" branch="True" condition-coverage="100% (4/4)">
                  <conditions>
                    <condition number="82" type="jump" coverage="100%" />
                    <condition number="123" type="jump" coverage="100%" />
                  </conditions>
                </line>
                <line number="181" hits="8" branch="False" />
                <line number="182" hits="8" branch="False" />
                <line number="183" hits="8" branch="False" />
                <line number="184" hits="8" branch="False" />
                <line number="186" hits="13" branch="False" />
                <line number="187" hits="15" branch="False" />
              </lines>
            </method>
            <method name="RegistrarViaje" signature="(TarjetaSube.Tiempo)" line-rate="0.6" branch-rate="0.5" complexity="4">
              <lines>
                <line number="190" hits="13" branch="False" />
                <line number="191" hits="13" branch="False" />
                <line number="192" hits="13" branch="False" />
                <line number="194" hits="13" branch="True" condition-coverage="50% (2/4)">
                  <conditions>
                    <condition number="31" type="jump" coverage="50%" />
                    <condition number="69" type="jump" coverage="50%" />
                  </conditions>
                </line>
                <line number="195" hits="0" branch="False" />
                <line number="196" hits="0" branch="False" />
                <line number="197" hits="0" branch="False" />
                <line number="198" hits="0" branch="False" />
                <line number="200" hits="13" branch="False" />
                <line number="201" hits="13" branch="False" />
              </lines>
            </method>
            <method name="ObtenerTarifaActual" signature="()" line-rate="1" branch-rate="1" complexity="2">
              <lines>
                <line number="204" hits="26" branch="False" />
                <line number="205" hits="26" branch="True" condition-coverage="100% (2/2)">
                  <conditions>
                    <condition number="15" type="jump" coverage="100%" />
                  </conditions>
                </line>
                <line number="206" hits="4" branch="False" />
                <line number="207" hits="4" branch="False" />
                <line number="209" hits="22" branch="False" />
                <line number="210" hits="26" branch="False" />
              </lines>
            </method>
            <method name="DescontarSegunViajes" signature="()" line-rate="1" branch-rate="0.5" complexity="2">
              <lines>
                <line number="213" hits="13" branch="False" />
                <line number="214" hits="13" branch="False" />
                <line number="215" hits="13" branch="True" condition-coverage="50% (1/2)">
                  <conditions>
                    <condition number="25" type="jump" coverage="50%" />
                  </conditions>
                </line>
                <line number="216" hits="13" branch="False" />
                <line number="217" hits="13" branch="False" />
                <line number="218" hits="13" branch="False" />
                <line number="219" hits="13" branch="False" />
              </lines>
            </method>
            <method name="CalcularTarifaConDescuento" signature="(System.Int32,TarjetaSube.Tiempo)" line-rate="0" branch-rate="1" complexity="1">
              <lines>
                <line number="223" hits="0" branch="False" />
                <line number="224" hits="0" branch="False" />
                <line number="225" hits="0" branch="False" />
              </lines>
            </method>
          </methods>
          <lines>
            <line number="159" hits="0" branch="False" />
            <line number="160" hits="0" branch="False" />
            <line number="161" hits="0" branch="True" condition-coverage="0% (0/2)">
              <conditions>
                <condition number="22" type="jump" coverage="0%" />
              </conditions>
            </line>
            <line number="162" hits="0" branch="False" />
            <line number="163" hits="0" branch="False" />
            <line number="164" hits="0" branch="False" />
            <line number="165" hits="0" branch="False" />
            <line number="168" hits="15" branch="False" />
            <line number="169" hits="15" branch="False" />
            <line number="171" hits="15" branch="True" condition-coverage="100% (2/2)">
              <conditions>
                <condition number="21" type="jump" coverage="100%" />
              </conditions>
            </line>
            <line number="172" hits="8" branch="False" />
            <line number="173" hits="8" branch="False" />
            <line number="174" hits="8" branch="True" condition-coverage="100% (2/2)">
              <conditions>
                <condition number="62" type="jump" coverage="100%" />
              </conditions>
            </line>
            <line number="175" hits="2" branch="False" />
            <line number="176" hits="2" branch="False" />
            <line number="178" hits="6" branch="False" />
            <line number="180" hits="13" branch="True" condition-coverage="100% (4/4)">
              <conditions>
                <condition number="82" type="jump" coverage="100%" />
                <condition number="123" type="jump" coverage="100%" />
              </conditions>
            </line>
            <line number="181" hits="8" branch="False" />
            <line number="182" hits="8" branch="False" />
            <line number="183" hits="8" branch="False" />
            <line number="184" hits="8" branch="False" />
            <line number="186" hits="13" branch="False" />
            <line number="187" hits="15" branch="False" />
            <line number="190" hits="13" branch="False" />
            <line number="191" hits="13" branch="False" />
            <line number="192" hits="13" branch="False" />
            <line number="194" hits="13" branch="True" condition-coverage="50% (2/4)">
              <conditions>
                <condition number="31" type="jump" coverage="50%" />
                <condition number="69" type="jump" coverage="50%" />
              </conditions>
            </line>
            <line number="195" hits="0" branch="False" />
            <line number="196" hits="0" branch="False" />
            <line number="197" hits="0" branch="False" />
            <line number="198" hits="0" branch="False" />
            <line number="200" hits="13" branch="False" />
            <line number="201" hits="13" branch="False" />
            <line number="204" hits="26" branch="False" />
            <line number="205" hits="26" branch="True" condition-coverage="100% (2/2)">
              <conditions>
                <condition number="15" type="jump" coverage="100%" />
              </conditions>
            </line>
            <line number="206" hits="4" branch="False" />
            <line number="207" hits="4" branch="False" />
            <line number="209" hits="22" branch="False" />
            <line number="210" hits="26" branch="False" />
            <line number="213" hits="13" branch="False" />
            <line number="214" hits="13" branch="False" />
            <line number="215" hits="13" branch="True" condition-coverage="50% (1/2)">
              <conditions>
                <condition number="25" type="jump" coverage="50%" />
              </conditions>
            </line>
            <line number="216" hits="13" branch="False" />
            <line number="217" hits="13" branch="False" />
            <line number="218" hits="13" branch="False" />
            <line number="219" hits="13" branch="False" />
            <line number="223" hits="0" branch="False" />
            <line number="224" hits="0" branch="False" />
            <line number="225" hits="0" branch="False" />
          </lines>
        </class>
        <class name="TarjetaSube.BoletoGratuito" filename="Tarjeta.cs" line-rate="0.7575" branch-rate="0.8571" complexity="16">
          <methods>
            <method name="Descontar" signature="(System.Int32)" line-rate="0" branch-rate="1" complexity="1">
              <lines>
                <line number="237" hits="0" branch="False" />
              </lines>
            </method>
            <method name="RegistrarViaje" signature="(TarjetaSube.Tiempo)" line-rate="0.6" branch-rate="0.5" complexity="4">
              <lines>
                <line number="240" hits="20" branch="False" />
                <line number="241" hits="20" branch="False" />
                <line number="243" hits="20" branch="True" condition-coverage="50% (2/4)">
                  <conditions>
                    <condition number="19" type="jump" coverage="50%" />
                    <condition number="57" type="jump" coverage="50%" />
                  </conditions>
                </line>
                <line number="244" hits="0" branch="False" />
                <line number="245" hits="0" branch="False" />
                <line number="246" hits="0" branch="False" />
                <line number="247" hits="0" branch="False" />
                <line number="249" hits="20" branch="False" />
                <line number="250" hits="20" branch="False" />
                <line number="251" hits="20" branch="False" />
              </lines>
            </method>
            <method name="ObtenerTarifaActual" signature="()" line-rate="1" branch-rate="1" complexity="2">
              <lines>
                <line number="254" hits="42" branch="False" />
                <line number="255" hits="42" branch="True" condition-coverage="100% (2/2)">
                  <conditions>
                    <condition number="8" type="jump" coverage="100%" />
                  </conditions>
                </line>
                <line number="256" hits="42" branch="False" />
              </lines>
            </method>
            <method name="DescontarSegunViajes" signature="(TarjetaSube.Tiempo)" line-rate="1" branch-rate="1" complexity="8">
              <lines>
                <line number="259" hits="23" branch="False" />
                <line number="260" hits="23" branch="False" />
                <line number="262" hits="23" branch="True" condition-coverage="100% (4/4)">
                  <conditions>
                    <condition number="19" type="jump" coverage="100%" />
                    <condition number="57" type="jump" coverage="100%" />
                  </conditions>
                </line>
                <line number="263" hits="10" branch="False" />
                <line number="264" hits="10" branch="False" />
                <line number="265" hits="10" branch="False" />
                <line number="266" hits="10" branch="False" />
                <line number="268" hits="23" branch="False" />
                <line number="270" hits="23" branch="True" condition-coverage="100% (2/2)">
                  <conditions>
                    <condition number="95" type="jump" coverage="100%" />
                  </conditions>
                </line>
                <line number="271" hits="16" branch="False" />
                <line number="273" hits="7" branch="True" condition-coverage="100% (2/2)">
                  <conditions>
                    <condition number="121" type="jump" coverage="100%" />
                  </conditions>
                </line>
                <line number="274" hits="1" branch="False" />
                <line number="276" hits="6" branch="False" />
                <line number="277" hits="6" branch="False" />
                <line number="278" hits="6" branch="False" />
                <line number="279" hits="23" branch="False" />
              </lines>
            </method>
            <method name="CalcularTarifaConDescuento" signature="(System.Int32,TarjetaSube.Tiempo)" line-rate="0" branch-rate="1" complexity="1">
              <lines>
                <line number="283" hits="0" branch="False" />
                <line number="284" hits="0" branch="False" />
                <line number="285" hits="0" branch="False" />
              </lines>
            </method>
          </methods>
          <lines>
            <line number="237" hits="0" branch="False" />
            <line number="240" hits="20" branch="False" />
            <line number="241" hits="20" branch="False" />
            <line number="243" hits="20" branch="True" condition-coverage="50% (2/4)">
              <conditions>
                <condition number="19" type="jump" coverage="50%" />
                <condition number="57" type="jump" coverage="50%" />
              </conditions>
            </line>
            <line number="244" hits="0" branch="False" />
            <line number="245" hits="0" branch="False" />
            <line number="246" hits="0" branch="False" />
            <line number="247" hits="0" branch="False" />
            <line number="249" hits="20" branch="False" />
            <line number="250" hits="20" branch="False" />
            <line number="251" hits="20" branch="False" />
            <line number="254" hits="42" branch="False" />
            <line number="255" hits="42" branch="True" condition-coverage="100% (2/2)">
              <conditions>
                <condition number="8" type="jump" coverage="100%" />
              </conditions>
            </line>
            <line number="256" hits="42" branch="False" />
            <line number="259" hits="23" branch="False" />
            <line number="260" hits="23" branch="False" />
            <line number="262" hits="23" branch="True" condition-coverage="100% (4/4)">
              <conditions>
                <condition number="19" type="jump" coverage="100%" />
                <condition number="57" type="jump" coverage="100%" />
              </conditions>
            </line>
            <line number="263" hits="10" branch="False" />
            <line number="264" hits="10" branch="False" />
            <line number="265" hits="10" branch="False" />
            <line number="266" hits="10" branch="False" />
            <line number="268" hits="23" branch="False" />
            <line number="270" hits="23" branch="True" condition-coverage="100% (2/2)">
              <conditions>
                <condition number="95" type="jump" coverage="100%" />
              </conditions>
            </line>
            <line number="271" hits="16" branch="False" />
            <line number="273" hits="7" branch="True" condition-coverage="100% (2/2)">
              <conditions>
                <condition number="121" type="jump" coverage="100%" />
              </conditions>
            </line>
            <line number="274" hits="1" branch="False" />
            <line number="276" hits="6" branch="False" />
            <line number="277" hits="6" branch="False" />
            <line number="278" hits="6" branch="False" />
            <line number="279" hits="23" branch="False" />
            <line number="283" hits="0" branch="False" />
            <line number="284" hits="0" branch="False" />
            <line number="285" hits="0" branch="False" />
          </lines>
        </class>
        <class name="TarjetaSube.FranquiciaCompleta" filename="Tarjeta.cs" line-rate="0.7575" branch-rate="0.8571" complexity="16">
          <methods>
            <method name="Descontar" signature="(System.Int32)" line-rate="0" branch-rate="1" complexity="1">
              <lines>
                <line number="297" hits="0" branch="False" />
              </lines>
            </method>
            <method name="RegistrarViaje" signature="(TarjetaSube.Tiempo)" line-rate="0.6" branch-rate="0.5" complexity="4">
              <lines>
                <line number="300" hits="30" branch="False" />
                <line number="301" hits="30" branch="False" />
                <line number="303" hits="30" branch="True" condition-coverage="50% (2/4)">
                  <conditions>
                    <condition number="19" type="jump" coverage="50%" />
                    <condition number="57" type="jump" coverage="50%" />
                  </conditions>
                </line>
                <line number="304" hits="0" branch="False" />
                <line number="305" hits="0" branch="False" />
                <line number="306" hits="0" branch="False" />
                <line number="307" hits="0" branch="False" />
                <line number="309" hits="30" branch="False" />
                <line number="310" hits="30" branch="False" />
                <line number="311" hits="30" branch="False" />
              </lines>
            </method>
            <method name="ObtenerTarifaActual" signature="()" line-rate="1" branch-rate="1" complexity="2">
              <lines>
                <line number="314" hits="62" branch="False" />
                <line number="315" hits="62" branch="True" condition-coverage="100% (2/2)">
                  <conditions>
                    <condition number="8" type="jump" coverage="100%" />
                  </conditions>
                </line>
                <line number="316" hits="62" branch="False" />
              </lines>
            </method>
            <method name="DescontarSegunViajes" signature="(TarjetaSube.Tiempo)" line-rate="1" branch-rate="1" complexity="8">
              <lines>
                <line number="319" hits="31" branch="False" />
                <line number="320" hits="31" branch="False" />
                <line number="322" hits="31" branch="True" condition-coverage="100% (4/4)">
                  <conditions>
                    <condition number="19" type="jump" coverage="100%" />
                    <condition number="57" type="jump" coverage="100%" />
                  </conditions>
                </line>
                <line number="323" hits="14" branch="False" />
                <line number="324" hits="14" branch="False" />
                <line number="325" hits="14" branch="False" />
                <line number="326" hits="14" branch="False" />
                <line number="328" hits="31" branch="False" />
                <line number="330" hits="31" branch="True" condition-coverage="100% (2/2)">
                  <conditions>
                    <condition number="95" type="jump" coverage="100%" />
                  </conditions>
                </line>
                <line number="331" hits="22" branch="False" />
                <line number="333" hits="9" branch="True" condition-coverage="100% (2/2)">
                  <conditions>
                    <condition number="121" type="jump" coverage="100%" />
                  </conditions>
                </line>
                <line number="334" hits="1" branch="False" />
                <line number="336" hits="8" branch="False" />
                <line number="337" hits="8" branch="False" />
                <line number="338" hits="8" branch="False" />
                <line number="339" hits="31" branch="False" />
              </lines>
            </method>
            <method name="CalcularTarifaConDescuento" signature="(System.Int32,TarjetaSube.Tiempo)" line-rate="0" branch-rate="1" complexity="1">
              <lines>
                <line number="343" hits="0" branch="False" />
                <line number="344" hits="0" branch="False" />
                <line number="345" hits="0" branch="False" />
              </lines>
            </method>
          </methods>
          <lines>
            <line number="297" hits="0" branch="False" />
            <line number="300" hits="30" branch="False" />
            <line number="301" hits="30" branch="False" />
            <line number="303" hits="30" branch="True" condition-coverage="50% (2/4)">
              <conditions>
                <condition number="19" type="jump" coverage="50%" />
                <condition number="57" type="jump" coverage="50%" />
              </conditions>
            </line>
            <line number="304" hits="0" branch="False" />
            <line number="305" hits="0" branch="False" />
            <line number="306" hits="0" branch="False" />
            <line number="307" hits="0" branch="False" />
            <line number="309" hits="30" branch="False" />
            <line number="310" hits="30" branch="False" />
            <line number="311" hits="30" branch="False" />
            <line number="314" hits="62" branch="False" />
            <line number="315" hits="62" branch="True" condition-coverage="100% (2/2)">
              <conditions>
                <condition number="8" type="jump" coverage="100%" />
              </conditions>
            </line>
            <line number="316" hits="62" branch="False" />
            <line number="319" hits="31" branch="False" />
            <line number="320" hits="31" branch="False" />
            <line number="322" hits="31" branch="True" condition-coverage="100% (4/4)">
              <conditions>
                <condition number="19" type="jump" coverage="100%" />
                <condition number="57" type="jump" coverage="100%" />
              </conditions>
            </line>
            <line number="323" hits="14" branch="False" />
            <line number="324" hits="14" branch="False" />
            <line number="325" hits="14" branch="False" />
            <line number="326" hits="14" branch="False" />
            <line number="328" hits="31" branch="False" />
            <line number="330" hits="31" branch="True" condition-coverage="100% (2/2)">
              <conditions>
                <condition number="95" type="jump" coverage="100%" />
              </conditions>
            </line>
            <line number="331" hits="22" branch="False" />
            <line number="333" hits="9" branch="True" condition-coverage="100% (2/2)">
              <conditions>
                <condition number="121" type="jump" coverage="100%" />
              </conditions>
            </line>
            <line number="334" hits="1" branch="False" />
            <line number="336" hits="8" branch="False" />
            <line number="337" hits="8" branch="False" />
            <line number="338" hits="8" branch="False" />
            <line number="339" hits="31" branch="False" />
            <line number="343" hits="0" branch="False" />
            <line number="344" hits="0" branch="False" />
            <line number="345" hits="0" branch="False" />
          </lines>
        </class>
        <class name="TarjetaSube.Tiempo" filename="Tiempo.cs" line-rate="1" branch-rate="1" complexity="2">
          <methods>
            <method name="Now" signature="()" line-rate="1" branch-rate="1" complexity="1">
              <lines>
                <line number="12" hits="38" branch="False" />
                <line number="13" hits="38" branch="False" />
                <line number="14" hits="38" branch="False" />
              </lines>
            </method>
            <method name=".ctor" signature="()" line-rate="1" branch-rate="1" complexity="1">
              <lines>
                <line number="7" hits="53" branch="False" />
                <line number="8" hits="53" branch="False" />
                <line number="9" hits="53" branch="False" />
              </lines>
            </method>
          </methods>
          <lines>
            <line number="12" hits="38" branch="False" />
            <line number="13" hits="38" branch="False" />
            <line number="14" hits="38" branch="False" />
            <line number="7" hits="53" branch="False" />
            <line number="8" hits="53" branch="False" />
            <line number="9" hits="53" branch="False" />
          </lines>
        </class>
        <class name="TarjetaSube.TiempoFalso" filename="TiempoFalso.cs" line-rate="1" branch-rate="1" complexity="4">
          <methods>
            <method name="Now" signature="()" line-rate="1" branch-rate="1" complexity="1">
              <lines>
                <line number="15" hits="496" branch="False" />
                <line number="16" hits="496" branch="False" />
                <line number="17" hits="496" branch="False" />
              </lines>
            </method>
            <method name="AgregarDias" signature="(System.Int32)" line-rate="1" branch-rate="1" complexity="1">
              <lines>
                <line number="20" hits="7" branch="False" />
                <line number="21" hits="7" branch="False" />
                <line number="22" hits="7" branch="False" />
              </lines>
            </method>
            <method name="AgregarMinutos" signature="(System.Int32)" line-rate="1" branch-rate="1" complexity="1">
              <lines>
                <line number="25" hits="9" branch="False" />
                <line number="26" hits="9" branch="False" />
                <line number="27" hits="9" branch="False" />
              </lines>
            </method>
            <method name=".ctor" signature="()" line-rate="1" branch-rate="1" complexity="1">
              <lines>
                <line number="9" hits="37" branch="False" />
                <line number="10" hits="37" branch="False" />
                <line number="11" hits="37" branch="False" />
                <line number="12" hits="37" branch="False" />
              </lines>
            </method>
          </methods>
          <lines>
            <line number="15" hits="496" branch="False" />
            <line number="16" hits="496" branch="False" />
            <line number="17" hits="496" branch="False" />
            <line number="20" hits="7" branch="False" />
            <line number="21" hits="7" branch="False" />
            <line number="22" hits="7" branch="False" />
            <line number="25" hits="9" branch="False" />
            <line number="26" hits="9" branch="False" />
            <line number="27" hits="9" branch="False" />
            <line number="9" hits="37" branch="False" />
            <line number="10" hits="37" branch="False" />
            <line number="11" hits="37" branch="False" />
            <line number="12" hits="37" branch="False" />
          </lines>
        </class>
      </classes>
    </package>
  </packages>
</coverage>