<?xml version="1.0" encoding="utf-8"?>
<coverage line-rate="0.8881999999999999" branch-rate="0.8271999999999999" version="1.9" timestamp="1762272330" lines-covered="294" lines-valid="331" branches-covered="91" branches-valid="110">
  <sources>
    <source>C:\Users\agusc\desktop\mauri1\TrabajoTarjeta2025\TarjetaSube\</source>
  </sources>
  <packages>
    <package name="TarjetaSube" line-rate="0.8881999999999999" branch-rate="0.8271999999999999" complexity="147">
      <classes>
        <class name="TarjetaSube.Boleto" filename="Boleto.cs" line-rate="1" branch-rate="1" complexity="8">
          <methods>
            <method name="get_TipoTarjeta" signature="()" line-rate="1" branch-rate="1" complexity="1">
              <lines>
                <line number="7" hits="94" branch="False" />
              </lines>
            </method>
            <method name="get_LineaColectivo" signature="()" line-rate="1" branch-rate="1" complexity="1">
              <lines>
                <line number="8" hits="90" branch="False" />
              </lines>
            </method>
            <method name="get_TotalAbonado" signature="()" line-rate="1" branch-rate="1" complexity="1">
              <lines>
                <line number="9" hits="152" branch="False" />
              </lines>
            </method>
            <method name="get_SaldoRestante" signature="()" line-rate="1" branch-rate="1" complexity="1">
              <lines>
                <line number="10" hits="96" branch="False" />
              </lines>
            </method>
            <method name="get_Fecha" signature="()" line-rate="1" branch-rate="1" complexity="1">
              <lines>
                <line number="11" hits="86" branch="False" />
              </lines>
            </method>
            <method name="get_IdTarjeta" signature="()" line-rate="1" branch-rate="1" complexity="1">
              <lines>
                <line number="12" hits="94" branch="False" />
              </lines>
            </method>
            <method name=".ctor" signature="(System.String,System.String,System.Int32,System.Int32,System.Int32)" line-rate="1" branch-rate="1" complexity="1">
              <lines>
                <line number="15" hits="4" branch="False" />
                <line number="16" hits="4" branch="False" />
                <line number="17" hits="4" branch="False" />
              </lines>
            </method>
            <method name=".ctor" signature="(System.String,System.String,System.Int32,System.Int32,System.Int32,TarjetaSube.Tiempo)" line-rate="1" branch-rate="1" complexity="1">
              <lines>
                <line number="19" hits="82" branch="False" />
                <line number="20" hits="82" branch="False" />
                <line number="21" hits="82" branch="False" />
                <line number="22" hits="82" branch="False" />
                <line number="23" hits="82" branch="False" />
                <line number="24" hits="82" branch="False" />
                <line number="25" hits="82" branch="False" />
                <line number="26" hits="82" branch="False" />
                <line number="27" hits="82" branch="False" />
              </lines>
            </method>
          </methods>
          <lines>
            <line number="7" hits="94" branch="False" />
            <line number="8" hits="90" branch="False" />
            <line number="9" hits="152" branch="False" />
            <line number="10" hits="96" branch="False" />
            <line number="11" hits="86" branch="False" />
            <line number="12" hits="94" branch="False" />
            <line number="15" hits="4" branch="False" />
            <line number="16" hits="4" branch="False" />
            <line number="17" hits="4" branch="False" />
            <line number="19" hits="82" branch="False" />
            <line number="20" hits="82" branch="False" />
            <line number="21" hits="82" branch="False" />
            <line number="22" hits="82" branch="False" />
            <line number="23" hits="82" branch="False" />
            <line number="24" hits="82" branch="False" />
            <line number="25" hits="82" branch="False" />
            <line number="26" hits="82" branch="False" />
            <line number="27" hits="82" branch="False" />
          </lines>
        </class>
        <class name="TarjetaSube.Colectivo" filename="Colectivo.cs" line-rate="0.9056000000000001" branch-rate="0.9285" complexity="19">
          <methods>
            <method name="get_Linea" signature="()" line-rate="1" branch-rate="1" complexity="1">
              <lines>
                <line number="10" hits="122" branch="False" />
              </lines>
            </method>
            <method name="PagarCon" signature="(TarjetaSube.Tarjeta)" line-rate="0.9459000000000001" branch-rate="0.9285" complexity="14">
              <lines>
                <line number="34" hits="84" branch="False" />
                <line number="35" hits="84" branch="True" condition-coverage="50% (1/2)">
                  <conditions>
                    <condition number="9" type="jump" coverage="50%" />
                  </conditions>
                </line>
                <line number="36" hits="0" branch="False" />
                <line number="37" hits="0" branch="False" />
                <line number="40" hits="84" branch="True" condition-coverage="100% (2/2)">
                  <conditions>
                    <condition number="42" type="jump" coverage="100%" />
                  </conditions>
                </line>
                <line number="41" hits="3" branch="False" />
                <line number="42" hits="3" branch="False" />
                <line number="45" hits="81" branch="True" condition-coverage="100% (2/2)">
                  <conditions>
                    <condition number="59" type="jump" coverage="100%" />
                  </conditions>
                </line>
                <line number="47" hits="81" branch="False" />
                <line number="49" hits="81" branch="False" />
                <line number="51" hits="81" branch="True" condition-coverage="100% (2/2)">
                  <conditions>
                    <condition number="100" type="jump" coverage="100%" />
                  </conditions>
                </line>
                <line number="52" hits="14" branch="False" />
                <line number="53" hits="14" branch="False" />
                <line number="54" hits="14" branch="False" />
                <line number="55" hits="14" branch="False" />
                <line number="56" hits="67" branch="True" condition-coverage="100% (2/2)">
                  <conditions>
                    <condition number="141" type="jump" coverage="100%" />
                  </conditions>
                </line>
                <line number="57" hits="19" branch="False" />
                <line number="58" hits="19" branch="False" />
                <line number="59" hits="19" branch="False" />
                <line number="60" hits="19" branch="False" />
                <line number="61" hits="48" branch="True" condition-coverage="100% (2/2)">
                  <conditions>
                    <condition number="188" type="jump" coverage="100%" />
                  </conditions>
                </line>
                <line number="62" hits="33" branch="False" />
                <line number="63" hits="33" branch="False" />
                <line number="64" hits="33" branch="False" />
                <line number="65" hits="33" branch="False" />
                <line number="67" hits="15" branch="False" />
                <line number="68" hits="15" branch="False" />
                <line number="69" hits="15" branch="False" />
                <line number="70" hits="15" branch="False" />
                <line number="72" hits="81" branch="True" condition-coverage="100% (2/2)">
                  <conditions>
                    <condition number="250" type="jump" coverage="100%" />
                  </conditions>
                </line>
                <line number="73" hits="3" branch="False" />
                <line number="74" hits="3" branch="False" />
                <line number="77" hits="78" branch="False" />
                <line number="80" hits="78" branch="False" />
                <line number="83" hits="78" branch="False" />
                <line number="85" hits="78" branch="False" />
                <line number="86" hits="84" branch="False" />
              </lines>
            </method>
            <method name=".ctor" signature="(System.String)" line-rate="1" branch-rate="1" complexity="1">
              <lines>
                <line number="14" hits="11" branch="False" />
                <line number="15" hits="11" branch="False" />
                <line number="16" hits="11" branch="False" />
              </lines>
            </method>
            <method name=".ctor" signature="(System.String,TarjetaSube.Tiempo)" line-rate="1" branch-rate="1" complexity="1">
              <lines>
                <line number="18" hits="30" branch="False" />
                <line number="19" hits="30" branch="False" />
                <line number="20" hits="30" branch="False" />
              </lines>
            </method>
            <method name=".ctor" signature="(System.String,System.Boolean)" line-rate="0" branch-rate="1" complexity="1">
              <lines>
                <line number="22" hits="0" branch="False" />
                <line number="23" hits="0" branch="False" />
                <line number="24" hits="0" branch="False" />
              </lines>
            </method>
            <method name=".ctor" signature="(System.String,System.Boolean,TarjetaSube.Tiempo)" line-rate="1" branch-rate="1" complexity="1">
              <lines>
                <line number="26" hits="43" branch="False" />
                <line number="27" hits="43" branch="False" />
                <line number="28" hits="43" branch="False" />
                <line number="29" hits="43" branch="False" />
                <line number="30" hits="43" branch="False" />
                <line number="31" hits="43" branch="False" />
              </lines>
            </method>
          </methods>
          <lines>
            <line number="10" hits="122" branch="False" />
            <line number="34" hits="84" branch="False" />
            <line number="35" hits="84" branch="True" condition-coverage="50% (1/2)">
              <conditions>
                <condition number="9" type="jump" coverage="50%" />
              </conditions>
            </line>
            <line number="36" hits="0" branch="False" />
            <line number="37" hits="0" branch="False" />
            <line number="40" hits="84" branch="True" condition-coverage="100% (2/2)">
              <conditions>
                <condition number="42" type="jump" coverage="100%" />
              </conditions>
            </line>
            <line number="41" hits="3" branch="False" />
            <line number="42" hits="3" branch="False" />
            <line number="45" hits="81" branch="True" condition-coverage="100% (2/2)">
              <conditions>
                <condition number="59" type="jump" coverage="100%" />
              </conditions>
            </line>
            <line number="47" hits="81" branch="False" />
            <line number="49" hits="81" branch="False" />
            <line number="51" hits="81" branch="True" condition-coverage="100% (2/2)">
              <conditions>
                <condition number="100" type="jump" coverage="100%" />
              </conditions>
            </line>
            <line number="52" hits="14" branch="False" />
            <line number="53" hits="14" branch="False" />
            <line number="54" hits="14" branch="False" />
            <line number="55" hits="14" branch="False" />
            <line number="56" hits="67" branch="True" condition-coverage="100% (2/2)">
              <conditions>
                <condition number="141" type="jump" coverage="100%" />
              </conditions>
            </line>
            <line number="57" hits="19" branch="False" />
            <line number="58" hits="19" branch="False" />
            <line number="59" hits="19" branch="False" />
            <line number="60" hits="19" branch="False" />
            <line number="61" hits="48" branch="True" condition-coverage="100% (2/2)">
              <conditions>
                <condition number="188" type="jump" coverage="100%" />
              </conditions>
            </line>
            <line number="62" hits="33" branch="False" />
            <line number="63" hits="33" branch="False" />
            <line number="64" hits="33" branch="False" />
            <line number="65" hits="33" branch="False" />
            <line number="67" hits="15" branch="False" />
            <line number="68" hits="15" branch="False" />
            <line number="69" hits="15" branch="False" />
            <line number="70" hits="15" branch="False" />
            <line number="72" hits="81" branch="True" condition-coverage="100% (2/2)">
              <conditions>
                <condition number="250" type="jump" coverage="100%" />
              </conditions>
            </line>
            <line number="73" hits="3" branch="False" />
            <line number="74" hits="3" branch="False" />
            <line number="77" hits="78" branch="False" />
            <line number="80" hits="78" branch="False" />
            <line number="83" hits="78" branch="False" />
            <line number="85" hits="78" branch="False" />
            <line number="86" hits="84" branch="False" />
            <line number="14" hits="11" branch="False" />
            <line number="15" hits="11" branch="False" />
            <line number="16" hits="11" branch="False" />
            <line number="18" hits="30" branch="False" />
            <line number="19" hits="30" branch="False" />
            <line number="20" hits="30" branch="False" />
            <line number="22" hits="0" branch="False" />
            <line number="23" hits="0" branch="False" />
            <line number="24" hits="0" branch="False" />
            <line number="26" hits="43" branch="False" />
            <line number="27" hits="43" branch="False" />
            <line number="28" hits="43" branch="False" />
            <line number="29" hits="43" branch="False" />
            <line number="30" hits="43" branch="False" />
            <line number="31" hits="43" branch="False" />
          </lines>
        </class>
        <class name="TarjetaSube.Program" filename="Program.cs" line-rate="0" branch-rate="1" complexity="1">
          <methods>
            <method name="Main" signature="()" line-rate="0" branch-rate="1" complexity="1">
              <lines>
                <line number="9" hits="0" branch="False" />
                <line number="11" hits="0" branch="False" />
              </lines>
            </method>
          </methods>
          <lines>
            <line number="9" hits="0" branch="False" />
            <line number="11" hits="0" branch="False" />
          </lines>
        </class>
        <class name="TarjetaSube.Tarjeta" filename="Tarjeta.cs" line-rate="0.9887999999999999" branch-rate="1" complexity="34">
          <methods>
            <method name="get_Id" signature="()" line-rate="1" branch-rate="1" complexity="1">
              <lines>
                <line number="8" hits="184" branch="False" />
              </lines>
            </method>
            <method name="get_Saldo" signature="()" line-rate="0" branch-rate="1" complexity="1">
              <lines>
                <line number="20" hits="0" branch="False" />
              </lines>
            </method>
            <method name="get_SaldoPendiente" signature="()" line-rate="1" branch-rate="1" complexity="1">
              <lines>
                <line number="21" hits="5" branch="False" />
              </lines>
            </method>
            <method name="ObtenerSaldo" signature="()" line-rate="1" branch-rate="1" complexity="1">
              <lines>
                <line number="34" hits="221" branch="False" />
                <line number="35" hits="221" branch="False" />
                <line number="36" hits="221" branch="False" />
              </lines>
            </method>
            <method name="Cargar" signature="(System.Int32)" line-rate="1" branch-rate="1" complexity="8">
              <lines>
                <line number="39" hits="66" branch="False" />
                <line number="40" hits="66" branch="False" />
                <line number="41" hits="952" branch="True" condition-coverage="100% (2/2)">
                  <conditions>
                    <condition number="46" type="jump" coverage="100%" />
                  </conditions>
                </line>
                <line number="42" hits="409" branch="False" />
                <line number="43" hits="409" branch="True" condition-coverage="100% (2/2)">
                  <conditions>
                    <condition number="30" type="jump" coverage="100%" />
                  </conditions>
                </line>
                <line number="44" hits="64" branch="False" />
                <line number="45" hits="64" branch="False" />
                <line number="46" hits="64" branch="False" />
                <line number="48" hits="345" branch="False" />
                <line number="50" hits="68" branch="True" condition-coverage="100% (2/2)">
                  <conditions>
                    <condition number="56" type="jump" coverage="100%" />
                  </conditions>
                </line>
                <line number="52" hits="64" branch="False" />
                <line number="54" hits="64" branch="True" condition-coverage="100% (2/2)">
                  <conditions>
                    <condition number="84" type="jump" coverage="100%" />
                  </conditions>
                </line>
                <line number="55" hits="11" branch="False" />
                <line number="56" hits="11" branch="False" />
                <line number="57" hits="11" branch="False" />
                <line number="58" hits="11" branch="False" />
                <line number="60" hits="53" branch="False" />
                <line number="61" hits="53" branch="False" />
                <line number="62" hits="53" branch="False" />
                <line number="64" hits="64" branch="False" />
                <line number="65" hits="66" branch="False" />
              </lines>
            </method>
            <method name="AcreditarCarga" signature="()" line-rate="1" branch-rate="1" complexity="4">
              <lines>
                <line number="68" hits="63" branch="False" />
                <line number="69" hits="63" branch="True" condition-coverage="100% (4/4)">
                  <conditions>
                    <condition number="8" type="jump" coverage="100%" />
                    <condition number="28" type="jump" coverage="100%" />
                  </conditions>
                </line>
                <line number="70" hits="11" branch="False" />
                <line number="71" hits="11" branch="False" />
                <line number="72" hits="11" branch="False" />
                <line number="74" hits="11" branch="False" />
                <line number="75" hits="11" branch="False" />
                <line number="76" hits="11" branch="False" />
                <line number="77" hits="63" branch="False" />
              </lines>
            </method>
            <method name="Descontar" signature="(System.Int32)" line-rate="1" branch-rate="1" complexity="2">
              <lines>
                <line number="80" hits="35" branch="False" />
                <line number="81" hits="35" branch="True" condition-coverage="100% (2/2)">
                  <conditions>
                    <condition number="18" type="jump" coverage="100%" />
                  </conditions>
                </line>
                <line number="82" hits="2" branch="False" />
                <line number="83" hits="2" branch="False" />
                <line number="86" hits="33" branch="False" />
                <line number="87" hits="33" branch="False" />
                <line number="88" hits="33" branch="False" />
                <line number="89" hits="35" branch="False" />
              </lines>
            </method>
            <method name="ObtenerDescuento" signature="(TarjetaSube.Tiempo)" line-rate="1" branch-rate="1" complexity="10">
              <lines>
                <line number="92" hits="15" branch="False" />
                <line number="93" hits="15" branch="False" />
                <line number="95" hits="15" branch="True" condition-coverage="100% (2/2)">
                  <conditions>
                    <condition number="28" type="jump" coverage="100%" />
                  </conditions>
                </line>
                <line number="96" hits="10" branch="False" />
                <line number="97" hits="10" branch="False" />
                <line number="98" hits="10" branch="False" />
                <line number="99" hits="10" branch="False" />
                <line number="101" hits="15" branch="False" />
                <line number="103" hits="15" branch="True" condition-coverage="100% (4/4)">
                  <conditions>
                    <condition number="64" type="jump" coverage="100%" />
                    <condition number="79" type="jump" coverage="100%" />
                  </conditions>
                </line>
                <line number="104" hits="1" branch="False" />
                <line number="105" hits="14" branch="True" condition-coverage="100% (4/4)">
                  <conditions>
                    <condition number="97" type="jump" coverage="100%" />
                    <condition number="114" type="jump" coverage="100%" />
                  </conditions>
                </line>
                <line number="106" hits="1" branch="False" />
                <line number="108" hits="13" branch="False" />
                <line number="109" hits="15" branch="False" />
              </lines>
            </method>
            <method name="CalcularTarifaConDescuento" signature="(System.Int32,TarjetaSube.Tiempo)" line-rate="1" branch-rate="1" complexity="1">
              <lines>
                <line number="112" hits="15" branch="False" />
                <line number="113" hits="15" branch="False" />
                <line number="114" hits="15" branch="False" />
                <line number="115" hits="15" branch="False" />
                <line number="116" hits="15" branch="False" />
              </lines>
            </method>
            <method name="ObtenerCantidadViajesMes" signature="()" line-rate="1" branch-rate="1" complexity="1">
              <lines>
                <line number="119" hits="1" branch="False" />
                <line number="120" hits="1" branch="False" />
                <line number="121" hits="1" branch="False" />
              </lines>
            </method>
            <method name="PuedeViajar" signature="(TarjetaSube.Tiempo)" line-rate="1" branch-rate="1" complexity="1">
              <lines>
                <line number="124" hits="15" branch="False" />
                <line number="125" hits="15" branch="False" />
                <line number="126" hits="15" branch="False" />
              </lines>
            </method>
            <method name="RegistrarViaje" signature="(TarjetaSube.Tiempo)" line-rate="1" branch-rate="1" complexity="2">
              <lines>
                <line number="129" hits="307" branch="False" />
                <line number="130" hits="307" branch="False" />
                <line number="132" hits="307" branch="True" condition-coverage="100% (2/2)">
                  <conditions>
                    <condition number="28" type="jump" coverage="100%" />
                  </conditions>
                </line>
                <line number="133" hits="26" branch="False" />
                <line number="134" hits="26" branch="False" />
                <line number="135" hits="26" branch="False" />
                <line number="136" hits="26" branch="False" />
                <line number="138" hits="307" branch="False" />
                <line number="139" hits="307" branch="False" />
              </lines>
            </method>
            <method name=".ctor" signature="()" line-rate="1" branch-rate="1" complexity="1">
              <lines>
                <line number="12" hits="81" branch="False" />
                <line number="17" hits="81" branch="False" />
                <line number="18" hits="81" branch="False" />
                <line number="23" hits="81" branch="False" />
                <line number="24" hits="81" branch="False" />
                <line number="25" hits="81" branch="False" />
                <line number="26" hits="81" branch="False" />
                <line number="27" hits="81" branch="False" />
                <line number="28" hits="81" branch="False" />
                <line number="29" hits="81" branch="False" />
                <line number="30" hits="81" branch="False" />
                <line number="31" hits="81" branch="False" />
              </lines>
            </method>
          </methods>
          <lines>
            <line number="8" hits="184" branch="False" />
            <line number="20" hits="0" branch="False" />
            <line number="21" hits="5" branch="False" />
            <line number="34" hits="221" branch="False" />
            <line number="35" hits="221" branch="False" />
            <line number="36" hits="221" branch="False" />
            <line number="39" hits="66" branch="False" />
            <line number="40" hits="66" branch="False" />
            <line number="41" hits="952" branch="True" condition-coverage="100% (2/2)">
              <conditions>
                <condition number="46" type="jump" coverage="100%" />
              </conditions>
            </line>
            <line number="42" hits="409" branch="False" />
            <line number="43" hits="409" branch="True" condition-coverage="100% (2/2)">
              <conditions>
                <condition number="30" type="jump" coverage="100%" />
              </conditions>
            </line>
            <line number="44" hits="64" branch="False" />
            <line number="45" hits="64" branch="False" />
            <line number="46" hits="64" branch="False" />
            <line number="48" hits="345" branch="False" />
            <line number="50" hits="68" branch="True" condition-coverage="100% (2/2)">
              <conditions>
                <condition number="56" type="jump" coverage="100%" />
              </conditions>
            </line>
            <line number="52" hits="64" branch="False" />
            <line number="54" hits="64" branch="True" condition-coverage="100% (2/2)">
              <conditions>
                <condition number="84" type="jump" coverage="100%" />
              </conditions>
            </line>
            <line number="55" hits="11" branch="False" />
            <line number="56" hits="11" branch="False" />
            <line number="57" hits="11" branch="False" />
            <line number="58" hits="11" branch="False" />
            <line number="60" hits="53" branch="False" />
            <line number="61" hits="53" branch="False" />
            <line number="62" hits="53" branch="False" />
            <line number="64" hits="64" branch="False" />
            <line number="65" hits="66" branch="False" />
            <line number="68" hits="63" branch="False" />
            <line number="69" hits="63" branch="True" condition-coverage="100% (4/4)">
              <conditions>
                <condition number="8" type="jump" coverage="100%" />
                <condition number="28" type="jump" coverage="100%" />
              </conditions>
            </line>
            <line number="70" hits="11" branch="False" />
            <line number="71" hits="11" branch="False" />
            <line number="72" hits="11" branch="False" />
            <line number="74" hits="11" branch="False" />
            <line number="75" hits="11" branch="False" />
            <line number="76" hits="11" branch="False" />
            <line number="77" hits="63" branch="False" />
            <line number="80" hits="35" branch="False" />
            <line number="81" hits="35" branch="True" condition-coverage="100% (2/2)">
              <conditions>
                <condition number="18" type="jump" coverage="100%" />
              </conditions>
            </line>
            <line number="82" hits="2" branch="False" />
            <line number="83" hits="2" branch="False" />
            <line number="86" hits="33" branch="False" />
            <line number="87" hits="33" branch="False" />
            <line number="88" hits="33" branch="False" />
            <line number="89" hits="35" branch="False" />
            <line number="92" hits="15" branch="False" />
            <line number="93" hits="15" branch="False" />
            <line number="95" hits="15" branch="True" condition-coverage="100% (2/2)">
              <conditions>
                <condition number="28" type="jump" coverage="100%" />
              </conditions>
            </line>
            <line number="96" hits="10" branch="False" />
            <line number="97" hits="10" branch="False" />
            <line number="98" hits="10" branch="False" />
            <line number="99" hits="10" branch="False" />
            <line number="101" hits="15" branch="False" />
            <line number="103" hits="15" branch="True" condition-coverage="100% (4/4)">
              <conditions>
                <condition number="64" type="jump" coverage="100%" />
                <condition number="79" type="jump" coverage="100%" />
              </conditions>
            </line>
            <line number="104" hits="1" branch="False" />
            <line number="105" hits="14" branch="True" condition-coverage="100% (4/4)">
              <conditions>
                <condition number="97" type="jump" coverage="100%" />
                <condition number="114" type="jump" coverage="100%" />
              </conditions>
            </line>
            <line number="106" hits="1" branch="False" />
            <line number="108" hits="13" branch="False" />
            <line number="109" hits="15" branch="False" />
            <line number="112" hits="15" branch="False" />
            <line number="113" hits="15" branch="False" />
            <line number="114" hits="15" branch="False" />
            <line number="115" hits="15" branch="False" />
            <line number="116" hits="15" branch="False" />
            <line number="119" hits="1" branch="False" />
            <line number="120" hits="1" branch="False" />
            <line number="121" hits="1" branch="False" />
            <line number="124" hits="15" branch="False" />
            <line number="125" hits="15" branch="False" />
            <line number="126" hits="15" branch="False" />
            <line number="129" hits="307" branch="False" />
            <line number="130" hits="307" branch="False" />
            <line number="132" hits="307" branch="True" condition-coverage="100% (2/2)">
              <conditions>
                <condition number="28" type="jump" coverage="100%" />
              </conditions>
            </line>
            <line number="133" hits="26" branch="False" />
            <line number="134" hits="26" branch="False" />
            <line number="135" hits="26" branch="False" />
            <line number="136" hits="26" branch="False" />
            <line number="138" hits="307" branch="False" />
            <line number="139" hits="307" branch="False" />
            <line number="12" hits="81" branch="False" />
            <line number="17" hits="81" branch="False" />
            <line number="18" hits="81" branch="False" />
            <line number="23" hits="81" branch="False" />
            <line number="24" hits="81" branch="False" />
            <line number="25" hits="81" branch="False" />
            <line number="26" hits="81" branch="False" />
            <line number="27" hits="81" branch="False" />
            <line number="28" hits="81" branch="False" />
            <line number="29" hits="81" branch="False" />
            <line number="30" hits="81" branch="False" />
            <line number="31" hits="81" branch="False" />
          </lines>
        </class>
        <class name="TarjetaSube.MedioBoleto" filename="Tarjeta.cs" line-rate="0.8214" branch-rate="0.6923" complexity="28">
          <methods>
            <method name="Descontar" signature="(System.Int32)" line-rate="1" branch-rate="0.5" complexity="2">
              <lines>
                <line number="152" hits="14" branch="False" />
                <line number="153" hits="14" branch="True" condition-coverage="50% (1/2)">
                  <conditions>
                    <condition number="18" type="jump" coverage="50%" />
                  </conditions>
                </line>
                <line number="154" hits="14" branch="False" />
                <line number="155" hits="14" branch="False" />
                <line number="156" hits="14" branch="False" />
                <line number="157" hits="14" branch="False" />
              </lines>
            </method>
            <method name="EstaEnHorarioFranquicia" signature="(TarjetaSube.Tiempo)" line-rate="0.7777" branch-rate="0.5" complexity="8">
              <lines>
                <line number="160" hits="16" branch="False" />
                <line number="161" hits="16" branch="False" />
                <line number="163" hits="16" branch="True" condition-coverage="50% (2/4)">
                  <conditions>
                    <condition number="16" type="jump" coverage="50%" />
                    <condition number="33" type="jump" coverage="50%" />
                  </conditions>
                </line>
                <line number="164" hits="0" branch="False" />
                <line number="166" hits="16" branch="False" />
                <line number="167" hits="16" branch="True" condition-coverage="50% (2/4)">
                  <conditions>
                    <condition number="67" type="jump" coverage="50%" />
                    <condition number="96" type="jump" coverage="50%" />
                  </conditions>
                </line>
                <line number="168" hits="0" branch="False" />
                <line number="169" hits="16" branch="False" />
                <line number="170" hits="16" branch="False" />
              </lines>
            </method>
            <method name="PuedeViajar" signature="(TarjetaSube.Tiempo)" line-rate="0.9444" branch-rate="0.9" complexity="10">
              <lines>
                <line number="173" hits="16" branch="False" />
                <line number="174" hits="16" branch="True" condition-coverage="50% (1/2)">
                  <conditions>
                    <condition number="13" type="jump" coverage="50%" />
                  </conditions>
                </line>
                <line number="175" hits="0" branch="False" />
                <line number="177" hits="16" branch="False" />
                <line number="179" hits="16" branch="True" condition-coverage="100% (2/2)">
                  <conditions>
                    <condition number="42" type="jump" coverage="100%" />
                  </conditions>
                </line>
                <line number="180" hits="8" branch="False" />
                <line number="181" hits="8" branch="False" />
                <line number="182" hits="8" branch="True" condition-coverage="100% (2/2)">
                  <conditions>
                    <condition number="86" type="jump" coverage="100%" />
                  </conditions>
                </line>
                <line number="183" hits="2" branch="False" />
                <line number="184" hits="2" branch="False" />
                <line number="186" hits="6" branch="False" />
                <line number="188" hits="14" branch="True" condition-coverage="100% (4/4)">
                  <conditions>
                    <condition number="105" type="jump" coverage="100%" />
                    <condition number="146" type="jump" coverage="100%" />
                  </conditions>
                </line>
                <line number="189" hits="9" branch="False" />
                <line number="190" hits="9" branch="False" />
                <line number="191" hits="9" branch="False" />
                <line number="192" hits="9" branch="False" />
                <line number="194" hits="14" branch="False" />
                <line number="195" hits="16" branch="False" />
              </lines>
            </method>
            <method name="RegistrarViaje" signature="(TarjetaSube.Tiempo)" line-rate="0.6" branch-rate="0.5" complexity="4">
              <lines>
                <line number="198" hits="14" branch="False" />
                <line number="199" hits="14" branch="False" />
                <line number="200" hits="14" branch="False" />
                <line number="202" hits="14" branch="True" condition-coverage="50% (2/4)">
                  <conditions>
                    <condition number="31" type="jump" coverage="50%" />
                    <condition number="69" type="jump" coverage="50%" />
                  </conditions>
                </line>
                <line number="203" hits="0" branch="False" />
                <line number="204" hits="0" branch="False" />
                <line number="205" hits="0" branch="False" />
                <line number="206" hits="0" branch="False" />
                <line number="208" hits="14" branch="False" />
                <line number="209" hits="14" branch="False" />
              </lines>
            </method>
            <method name="ObtenerTarifaActual" signature="(System.Int32)" line-rate="1" branch-rate="1" complexity="2">
              <lines>
                <line number="212" hits="28" branch="False" />
                <line number="213" hits="28" branch="True" condition-coverage="100% (2/2)">
                  <conditions>
                    <condition number="15" type="jump" coverage="100%" />
                  </conditions>
                </line>
                <line number="214" hits="4" branch="False" />
                <line number="215" hits="4" branch="False" />
                <line number="217" hits="24" branch="False" />
                <line number="218" hits="28" branch="False" />
              </lines>
            </method>
            <method name="DescontarSegunViajes" signature="(System.Int32)" line-rate="1" branch-rate="1" complexity="1">
              <lines>
                <line number="222" hits="14" branch="False" />
                <line number="223" hits="14" branch="False" />
                <line number="224" hits="14" branch="False" />
                <line number="225" hits="14" branch="False" />
              </lines>
            </method>
            <method name="CalcularTarifaConDescuento" signature="(System.Int32,TarjetaSube.Tiempo)" line-rate="0" branch-rate="1" complexity="1">
              <lines>
                <line number="228" hits="0" branch="False" />
                <line number="229" hits="0" branch="False" />
                <line number="230" hits="0" branch="False" />
              </lines>
            </method>
          </methods>
          <lines>
            <line number="152" hits="14" branch="False" />
            <line number="153" hits="14" branch="True" condition-coverage="50% (1/2)">
              <conditions>
                <condition number="18" type="jump" coverage="50%" />
              </conditions>
            </line>
            <line number="154" hits="14" branch="False" />
            <line number="155" hits="14" branch="False" />
            <line number="156" hits="14" branch="False" />
            <line number="157" hits="14" branch="False" />
            <line number="160" hits="16" branch="False" />
            <line number="161" hits="16" branch="False" />
            <line number="163" hits="16" branch="True" condition-coverage="50% (2/4)">
              <conditions>
                <condition number="16" type="jump" coverage="50%" />
                <condition number="33" type="jump" coverage="50%" />
              </conditions>
            </line>
            <line number="164" hits="0" branch="False" />
            <line number="166" hits="16" branch="False" />
            <line number="167" hits="16" branch="True" condition-coverage="50% (2/4)">
              <conditions>
                <condition number="67" type="jump" coverage="50%" />
                <condition number="96" type="jump" coverage="50%" />
              </conditions>
            </line>
            <line number="168" hits="0" branch="False" />
            <line number="169" hits="16" branch="False" />
            <line number="170" hits="16" branch="False" />
            <line number="173" hits="16" branch="False" />
            <line number="174" hits="16" branch="True" condition-coverage="50% (1/2)">
              <conditions>
                <condition number="13" type="jump" coverage="50%" />
              </conditions>
            </line>
            <line number="175" hits="0" branch="False" />
            <line number="177" hits="16" branch="False" />
            <line number="179" hits="16" branch="True" condition-coverage="100% (2/2)">
              <conditions>
                <condition number="42" type="jump" coverage="100%" />
              </conditions>
            </line>
            <line number="180" hits="8" branch="False" />
            <line number="181" hits="8" branch="False" />
            <line number="182" hits="8" branch="True" condition-coverage="100% (2/2)">
              <conditions>
                <condition number="86" type="jump" coverage="100%" />
              </conditions>
            </line>
            <line number="183" hits="2" branch="False" />
            <line number="184" hits="2" branch="False" />
            <line number="186" hits="6" branch="False" />
            <line number="188" hits="14" branch="True" condition-coverage="100% (4/4)">
              <conditions>
                <condition number="105" type="jump" coverage="100%" />
                <condition number="146" type="jump" coverage="100%" />
              </conditions>
            </line>
            <line number="189" hits="9" branch="False" />
            <line number="190" hits="9" branch="False" />
            <line number="191" hits="9" branch="False" />
            <line number="192" hits="9" branch="False" />
            <line number="194" hits="14" branch="False" />
            <line number="195" hits="16" branch="False" />
            <line number="198" hits="14" branch="False" />
            <line number="199" hits="14" branch="False" />
            <line number="200" hits="14" branch="False" />
            <line number="202" hits="14" branch="True" condition-coverage="50% (2/4)">
              <conditions>
                <condition number="31" type="jump" coverage="50%" />
                <condition number="69" type="jump" coverage="50%" />
              </conditions>
            </line>
            <line number="203" hits="0" branch="False" />
            <line number="204" hits="0" branch="False" />
            <line number="205" hits="0" branch="False" />
            <line number="206" hits="0" branch="False" />
            <line number="208" hits="14" branch="False" />
            <line number="209" hits="14" branch="False" />
            <line number="212" hits="28" branch="False" />
            <line number="213" hits="28" branch="True" condition-coverage="100% (2/2)">
              <conditions>
                <condition number="15" type="jump" coverage="100%" />
              </conditions>
            </line>
            <line number="214" hits="4" branch="False" />
            <line number="215" hits="4" branch="False" />
            <line number="217" hits="24" branch="False" />
            <line number="218" hits="28" branch="False" />
            <line number="222" hits="14" branch="False" />
            <line number="223" hits="14" branch="False" />
            <line number="224" hits="14" branch="False" />
            <line number="225" hits="14" branch="False" />
            <line number="228" hits="0" branch="False" />
            <line number="229" hits="0" branch="False" />
            <line number="230" hits="0" branch="False" />
          </lines>
        </class>
        <class name="TarjetaSube.BoletoGratuito" filename="Tarjeta.cs" line-rate="0.7916" branch-rate="0.7272" complexity="26">
          <methods>
            <method name="Descontar" signature="(System.Int32)" line-rate="0" branch-rate="1" complexity="1">
              <lines>
                <line number="239" hits="0" branch="False" />
              </lines>
            </method>
            <method name="RegistrarViaje" signature="(TarjetaSube.Tiempo)" line-rate="0.6" branch-rate="0.5" complexity="4">
              <lines>
                <line number="242" hits="20" branch="False" />
                <line number="243" hits="20" branch="False" />
                <line number="245" hits="20" branch="True" condition-coverage="50% (2/4)">
                  <conditions>
                    <condition number="19" type="jump" coverage="50%" />
                    <condition number="57" type="jump" coverage="50%" />
                  </conditions>
                </line>
                <line number="246" hits="0" branch="False" />
                <line number="247" hits="0" branch="False" />
                <line number="248" hits="0" branch="False" />
                <line number="249" hits="0" branch="False" />
                <line number="251" hits="20" branch="False" />
                <line number="252" hits="20" branch="False" />
                <line number="253" hits="20" branch="False" />
              </lines>
            </method>
            <method name="EstaEnHorarioFranquicia" signature="(TarjetaSube.Tiempo)" line-rate="0.7777" branch-rate="0.5" complexity="8">
              <lines>
                <line number="256" hits="19" branch="False" />
                <line number="257" hits="19" branch="False" />
                <line number="258" hits="19" branch="True" condition-coverage="50% (2/4)">
                  <conditions>
                    <condition number="16" type="jump" coverage="50%" />
                    <condition number="33" type="jump" coverage="50%" />
                  </conditions>
                </line>
                <line number="259" hits="0" branch="False" />
                <line number="260" hits="19" branch="False" />
                <line number="261" hits="19" branch="True" condition-coverage="50% (2/4)">
                  <conditions>
                    <condition number="67" type="jump" coverage="50%" />
                    <condition number="96" type="jump" coverage="50%" />
                  </conditions>
                </line>
                <line number="262" hits="0" branch="False" />
                <line number="263" hits="19" branch="False" />
                <line number="264" hits="19" branch="False" />
              </lines>
            </method>
            <method name="PuedeViajar" signature="(TarjetaSube.Tiempo)" line-rate="1" branch-rate="1" complexity="1">
              <lines>
                <line number="267" hits="19" branch="False" />
                <line number="268" hits="19" branch="False" />
                <line number="269" hits="19" branch="False" />
              </lines>
            </method>
            <method name="ObtenerTarifaActual" signature="(System.Int32)" line-rate="1" branch-rate="1" complexity="2">
              <lines>
                <line number="272" hits="42" branch="False" />
                <line number="273" hits="42" branch="True" condition-coverage="100% (2/2)">
                  <conditions>
                    <condition number="8" type="jump" coverage="100%" />
                  </conditions>
                </line>
                <line number="274" hits="42" branch="False" />
              </lines>
            </method>
            <method name="DescontarSegunViajes" signature="(System.Int32,TarjetaSube.Tiempo)" line-rate="1" branch-rate="1" complexity="8">
              <lines>
                <line number="278" hits="23" branch="False" />
                <line number="279" hits="23" branch="False" />
                <line number="281" hits="23" branch="True" condition-coverage="100% (4/4)">
                  <conditions>
                    <condition number="19" type="jump" coverage="100%" />
                    <condition number="57" type="jump" coverage="100%" />
                  </conditions>
                </line>
                <line number="282" hits="10" branch="False" />
                <line number="283" hits="10" branch="False" />
                <line number="284" hits="10" branch="False" />
                <line number="285" hits="10" branch="False" />
                <line number="287" hits="23" branch="False" />
                <line number="289" hits="23" branch="True" condition-coverage="100% (2/2)">
                  <conditions>
                    <condition number="96" type="jump" coverage="100%" />
                  </conditions>
                </line>
                <line number="290" hits="16" branch="False" />
                <line number="292" hits="7" branch="True" condition-coverage="100% (2/2)">
                  <conditions>
                    <condition number="122" type="jump" coverage="100%" />
                  </conditions>
                </line>
                <line number="293" hits="1" branch="False" />
                <line number="295" hits="6" branch="False" />
                <line number="296" hits="6" branch="False" />
                <line number="297" hits="6" branch="False" />
                <line number="298" hits="23" branch="False" />
              </lines>
            </method>
            <method name="DescontarSegunViajes" signature="(TarjetaSube.Tiempo)" line-rate="1" branch-rate="1" complexity="1">
              <lines>
                <line number="302" hits="4" branch="False" />
                <line number="303" hits="4" branch="False" />
                <line number="304" hits="4" branch="False" />
              </lines>
            </method>
            <method name="CalcularTarifaConDescuento" signature="(System.Int32,TarjetaSube.Tiempo)" line-rate="0" branch-rate="1" complexity="1">
              <lines>
                <line number="307" hits="0" branch="False" />
                <line number="308" hits="0" branch="False" />
                <line number="309" hits="0" branch="False" />
              </lines>
            </method>
          </methods>
          <lines>
            <line number="239" hits="0" branch="False" />
            <line number="242" hits="20" branch="False" />
            <line number="243" hits="20" branch="False" />
            <line number="245" hits="20" branch="True" condition-coverage="50% (2/4)">
              <conditions>
                <condition number="19" type="jump" coverage="50%" />
                <condition number="57" type="jump" coverage="50%" />
              </conditions>
            </line>
            <line number="246" hits="0" branch="False" />
            <line number="247" hits="0" branch="False" />
            <line number="248" hits="0" branch="False" />
            <line number="249" hits="0" branch="False" />
            <line number="251" hits="20" branch="False" />
            <line number="252" hits="20" branch="False" />
            <line number="253" hits="20" branch="False" />
            <line number="256" hits="19" branch="False" />
            <line number="257" hits="19" branch="False" />
            <line number="258" hits="19" branch="True" condition-coverage="50% (2/4)">
              <conditions>
                <condition number="16" type="jump" coverage="50%" />
                <condition number="33" type="jump" coverage="50%" />
              </conditions>
            </line>
            <line number="259" hits="0" branch="False" />
            <line number="260" hits="19" branch="False" />
            <line number="261" hits="19" branch="True" condition-coverage="50% (2/4)">
              <conditions>
                <condition number="67" type="jump" coverage="50%" />
                <condition number="96" type="jump" coverage="50%" />
              </conditions>
            </line>
            <line number="262" hits="0" branch="False" />
            <line number="263" hits="19" branch="False" />
            <line number="264" hits="19" branch="False" />
            <line number="267" hits="19" branch="False" />
            <line number="268" hits="19" branch="False" />
            <line number="269" hits="19" branch="False" />
            <line number="272" hits="42" branch="False" />
            <line number="273" hits="42" branch="True" condition-coverage="100% (2/2)">
              <conditions>
                <condition number="8" type="jump" coverage="100%" />
              </conditions>
            </line>
            <line number="274" hits="42" branch="False" />
            <line number="278" hits="23" branch="False" />
            <line number="279" hits="23" branch="False" />
            <line number="281" hits="23" branch="True" condition-coverage="100% (4/4)">
              <conditions>
                <condition number="19" type="jump" coverage="100%" />
                <condition number="57" type="jump" coverage="100%" />
              </conditions>
            </line>
            <line number="282" hits="10" branch="False" />
            <line number="283" hits="10" branch="False" />
            <line number="284" hits="10" branch="False" />
            <line number="285" hits="10" branch="False" />
            <line number="287" hits="23" branch="False" />
            <line number="289" hits="23" branch="True" condition-coverage="100% (2/2)">
              <conditions>
                <condition number="96" type="jump" coverage="100%" />
              </conditions>
            </line>
            <line number="290" hits="16" branch="False" />
            <line number="292" hits="7" branch="True" condition-coverage="100% (2/2)">
              <conditions>
                <condition number="122" type="jump" coverage="100%" />
              </conditions>
            </line>
            <line number="293" hits="1" branch="False" />
            <line number="295" hits="6" branch="False" />
            <line number="296" hits="6" branch="False" />
            <line number="297" hits="6" branch="False" />
            <line number="298" hits="23" branch="False" />
            <line number="302" hits="4" branch="False" />
            <line number="303" hits="4" branch="False" />
            <line number="304" hits="4" branch="False" />
            <line number="307" hits="0" branch="False" />
            <line number="308" hits="0" branch="False" />
            <line number="309" hits="0" branch="False" />
          </lines>
        </class>
        <class name="TarjetaSube.FranquiciaCompleta" filename="Tarjeta.cs" line-rate="0.8" branch-rate="0.8181" complexity="25">
          <methods>
            <method name="Descontar" signature="(System.Int32)" line-rate="0" branch-rate="1" complexity="1">
              <lines>
                <line number="318" hits="0" branch="False" />
              </lines>
            </method>
            <method name="RegistrarViaje" signature="(TarjetaSube.Tiempo)" line-rate="0.6" branch-rate="0.5" complexity="4">
              <lines>
                <line number="321" hits="32" branch="False" />
                <line number="322" hits="32" branch="False" />
                <line number="324" hits="32" branch="True" condition-coverage="50% (2/4)">
                  <conditions>
                    <condition number="19" type="jump" coverage="50%" />
                    <condition number="57" type="jump" coverage="50%" />
                  </conditions>
                </line>
                <line number="325" hits="0" branch="False" />
                <line number="326" hits="0" branch="False" />
                <line number="327" hits="0" branch="False" />
                <line number="328" hits="0" branch="False" />
                <line number="330" hits="32" branch="False" />
                <line number="331" hits="32" branch="False" />
                <line number="332" hits="32" branch="False" />
              </lines>
            </method>
            <method name="EstaEnHorarioFranquicia" signature="(TarjetaSube.Tiempo)" line-rate="0.8887999999999999" branch-rate="0.75" complexity="8">
              <lines>
                <line number="335" hits="34" branch="False" />
                <line number="336" hits="34" branch="False" />
                <line number="337" hits="34" branch="True" condition-coverage="100% (4/4)">
                  <conditions>
                    <condition number="16" type="jump" coverage="100%" />
                    <condition number="33" type="jump" coverage="100%" />
                  </conditions>
                </line>
                <line number="338" hits="1" branch="False" />
                <line number="339" hits="33" branch="False" />
                <line number="340" hits="33" branch="True" condition-coverage="50% (2/4)">
                  <conditions>
                    <condition number="67" type="jump" coverage="50%" />
                    <condition number="96" type="jump" coverage="50%" />
                  </conditions>
                </line>
                <line number="341" hits="0" branch="False" />
                <line number="342" hits="33" branch="False" />
                <line number="343" hits="34" branch="False" />
              </lines>
            </method>
            <method name="PuedeViajar" signature="(TarjetaSube.Tiempo)" line-rate="1" branch-rate="1" complexity="1">
              <lines>
                <line number="346" hits="34" branch="False" />
                <line number="347" hits="34" branch="False" />
                <line number="348" hits="34" branch="False" />
              </lines>
            </method>
            <method name="ObtenerTarifaActual" signature="(System.Int32)" line-rate="1" branch-rate="1" complexity="2">
              <lines>
                <line number="351" hits="66" branch="False" />
                <line number="352" hits="66" branch="True" condition-coverage="100% (2/2)">
                  <conditions>
                    <condition number="8" type="jump" coverage="100%" />
                  </conditions>
                </line>
                <line number="353" hits="66" branch="False" />
              </lines>
            </method>
            <method name="DescontarSegunViajes" signature="(System.Int32,TarjetaSube.Tiempo)" line-rate="1" branch-rate="1" complexity="8">
              <lines>
                <line number="357" hits="33" branch="False" />
                <line number="358" hits="33" branch="False" />
                <line number="360" hits="33" branch="True" condition-coverage="100% (4/4)">
                  <conditions>
                    <condition number="19" type="jump" coverage="100%" />
                    <condition number="57" type="jump" coverage="100%" />
                  </conditions>
                </line>
                <line number="361" hits="14" branch="False" />
                <line number="362" hits="14" branch="False" />
                <line number="363" hits="14" branch="False" />
                <line number="364" hits="14" branch="False" />
                <line number="366" hits="33" branch="False" />
                <line number="368" hits="33" branch="True" condition-coverage="100% (2/2)">
                  <conditions>
                    <condition number="96" type="jump" coverage="100%" />
                  </conditions>
                </line>
                <line number="369" hits="23" branch="False" />
                <line number="371" hits="10" branch="True" condition-coverage="100% (2/2)">
                  <conditions>
                    <condition number="122" type="jump" coverage="100%" />
                  </conditions>
                </line>
                <line number="372" hits="1" branch="False" />
                <line number="374" hits="9" branch="False" />
                <line number="375" hits="9" branch="False" />
                <line number="376" hits="9" branch="False" />
                <line number="377" hits="33" branch="False" />
              </lines>
            </method>
            <method name="CalcularTarifaConDescuento" signature="(System.Int32,TarjetaSube.Tiempo)" line-rate="0" branch-rate="1" complexity="1">
              <lines>
                <line number="380" hits="0" branch="False" />
                <line number="381" hits="0" branch="False" />
                <line number="382" hits="0" branch="False" />
              </lines>
            </method>
          </methods>
          <lines>
            <line number="318" hits="0" branch="False" />
            <line number="321" hits="32" branch="False" />
            <line number="322" hits="32" branch="False" />
            <line number="324" hits="32" branch="True" condition-coverage="50% (2/4)">
              <conditions>
                <condition number="19" type="jump" coverage="50%" />
                <condition number="57" type="jump" coverage="50%" />
              </conditions>
            </line>
            <line number="325" hits="0" branch="False" />
            <line number="326" hits="0" branch="False" />
            <line number="327" hits="0" branch="False" />
            <line number="328" hits="0" branch="False" />
            <line number="330" hits="32" branch="False" />
            <line number="331" hits="32" branch="False" />
            <line number="332" hits="32" branch="False" />
            <line number="335" hits="34" branch="False" />
            <line number="336" hits="34" branch="False" />
            <line number="337" hits="34" branch="True" condition-coverage="100% (4/4)">
              <conditions>
                <condition number="16" type="jump" coverage="100%" />
                <condition number="33" type="jump" coverage="100%" />
              </conditions>
            </line>
            <line number="338" hits="1" branch="False" />
            <line number="339" hits="33" branch="False" />
            <line number="340" hits="33" branch="True" condition-coverage="50% (2/4)">
              <conditions>
                <condition number="67" type="jump" coverage="50%" />
                <condition number="96" type="jump" coverage="50%" />
              </conditions>
            </line>
            <line number="341" hits="0" branch="False" />
            <line number="342" hits="33" branch="False" />
            <line number="343" hits="34" branch="False" />
            <line number="346" hits="34" branch="False" />
            <line number="347" hits="34" branch="False" />
            <line number="348" hits="34" branch="False" />
            <line number="351" hits="66" branch="False" />
            <line number="352" hits="66" branch="True" condition-coverage="100% (2/2)">
              <conditions>
                <condition number="8" type="jump" coverage="100%" />
              </conditions>
            </line>
            <line number="353" hits="66" branch="False" />
            <line number="357" hits="33" branch="False" />
            <line number="358" hits="33" branch="False" />
            <line number="360" hits="33" branch="True" condition-coverage="100% (4/4)">
              <conditions>
                <condition number="19" type="jump" coverage="100%" />
                <condition number="57" type="jump" coverage="100%" />
              </conditions>
            </line>
            <line number="361" hits="14" branch="False" />
            <line number="362" hits="14" branch="False" />
            <line number="363" hits="14" branch="False" />
            <line number="364" hits="14" branch="False" />
            <line number="366" hits="33" branch="False" />
            <line number="368" hits="33" branch="True" condition-coverage="100% (2/2)">
              <conditions>
                <condition number="96" type="jump" coverage="100%" />
              </conditions>
            </line>
            <line number="369" hits="23" branch="False" />
            <line number="371" hits="10" branch="True" condition-coverage="100% (2/2)">
              <conditions>
                <condition number="122" type="jump" coverage="100%" />
              </conditions>
            </line>
            <line number="372" hits="1" branch="False" />
            <line number="374" hits="9" branch="False" />
            <line number="375" hits="9" branch="False" />
            <line number="376" hits="9" branch="False" />
            <line number="377" hits="33" branch="False" />
            <line number="380" hits="0" branch="False" />
            <line number="381" hits="0" branch="False" />
            <line number="382" hits="0" branch="False" />
          </lines>
        </class>
        <class name="TarjetaSube.Tiempo" filename="Tiempo.cs" line-rate="1" branch-rate="1" complexity="2">
          <methods>
            <method name="Now" signature="()" line-rate="1" branch-rate="1" complexity="1">
              <lines>
                <line number="12" hits="41" branch="False" />
                <line number="13" hits="41" branch="False" />
                <line number="14" hits="41" branch="False" />
              </lines>
            </method>
            <method name=".ctor" signature="()" line-rate="1" branch-rate="1" complexity="1">
              <lines>
                <line number="7" hits="56" branch="False" />
                <line number="8" hits="56" branch="False" />
                <line number="9" hits="56" branch="False" />
              </lines>
            </method>
          </methods>
          <lines>
            <line number="12" hits="41" branch="False" />
            <line number="13" hits="41" branch="False" />
            <line number="14" hits="41" branch="False" />
            <line number="7" hits="56" branch="False" />
            <line number="8" hits="56" branch="False" />
            <line number="9" hits="56" branch="False" />
          </lines>
        </class>
        <class name="TarjetaSube.TiempoFalso" filename="TiempoFalso.cs" line-rate="1" branch-rate="1" complexity="4">
          <methods>
            <method name="Now" signature="()" line-rate="1" branch-rate="1" complexity="1">
              <lines>
                <line number="15" hits="576" branch="False" />
                <line number="16" hits="576" branch="False" />
                <line number="17" hits="576" branch="False" />
              </lines>
            </method>
            <method name="AgregarDias" signature="(System.Int32)" line-rate="1" branch-rate="1" complexity="1">
              <lines>
                <line number="20" hits="8" branch="False" />
                <line number="21" hits="8" branch="False" />
                <line number="22" hits="8" branch="False" />
              </lines>
            </method>
            <method name="AgregarMinutos" signature="(System.Int32)" line-rate="1" branch-rate="1" complexity="1">
              <lines>
                <line number="25" hits="37" branch="False" />
                <line number="26" hits="37" branch="False" />
                <line number="27" hits="37" branch="False" />
              </lines>
            </method>
            <method name=".ctor" signature="()" line-rate="1" branch-rate="1" complexity="1">
              <lines>
                <line number="9" hits="40" branch="False" />
                <line number="10" hits="40" branch="False" />
                <line number="11" hits="40" branch="False" />
                <line number="12" hits="40" branch="False" />
              </lines>
            </method>
          </methods>
          <lines>
            <line number="15" hits="576" branch="False" />
            <line number="16" hits="576" branch="False" />
            <line number="17" hits="576" branch="False" />
            <line number="20" hits="8" branch="False" />
            <line number="21" hits="8" branch="False" />
            <line number="22" hits="8" branch="False" />
            <line number="25" hits="37" branch="False" />
            <line number="26" hits="37" branch="False" />
            <line number="27" hits="37" branch="False" />
            <line number="9" hits="40" branch="False" />
            <line number="10" hits="40" branch="False" />
            <line number="11" hits="40" branch="False" />
            <line number="12" hits="40" branch="False" />
          </lines>
        </class>
      </classes>
    </package>
  </packages>
</coverage>