<?xml version="1.0" encoding="utf-8"?>
<coverage line-rate="0.8793000000000001" branch-rate="0.8809" version="1.9" timestamp="1762269225" lines-covered="255" lines-valid="290" branches-covered="74" branches-valid="84">
  <sources>
    <source>C:\Users\Usuario\Desktop\TrabajoTarjeta2025\TarjetaSube\</source>
  </sources>
  <packages>
    <package name="TarjetaSube" line-rate="0.8793000000000001" branch-rate="0.8809" complexity="115">
      <classes>
        <class name="TarjetaSube.Boleto" filename="Boleto.cs" line-rate="1" branch-rate="1" complexity="8">
          <methods>
            <method name="get_TipoTarjeta" signature="()" line-rate="1" branch-rate="1" complexity="1">
              <lines>
                <line number="7" hits="92" branch="False" />
              </lines>
            </method>
            <method name="get_LineaColectivo" signature="()" line-rate="1" branch-rate="1" complexity="1">
              <lines>
                <line number="8" hits="88" branch="False" />
              </lines>
            </method>
            <method name="get_TotalAbonado" signature="()" line-rate="1" branch-rate="1" complexity="1">
              <lines>
                <line number="9" hits="148" branch="False" />
              </lines>
            </method>
            <method name="get_SaldoRestante" signature="()" line-rate="1" branch-rate="1" complexity="1">
              <lines>
                <line number="10" hits="92" branch="False" />
              </lines>
            </method>
            <method name="get_Fecha" signature="()" line-rate="1" branch-rate="1" complexity="1">
              <lines>
                <line number="11" hits="84" branch="False" />
              </lines>
            </method>
            <method name="get_IdTarjeta" signature="()" line-rate="1" branch-rate="1" complexity="1">
              <lines>
                <line number="12" hits="92" branch="False" />
              </lines>
            </method>
            <method name=".ctor" signature="(System.String,System.String,System.Int32,System.Int32,System.Int32)" line-rate="1" branch-rate="1" complexity="1">
              <lines>
                <line number="15" hits="4" branch="False" />
                <line number="16" hits="4" branch="False" />
                <line number="17" hits="4" branch="False" />
              </lines>
            </method>
            <method name=".ctor" signature="(System.String,System.String,System.Int32,System.Int32,System.Int32,TarjetaSube.Tiempo)" line-rate="1" branch-rate="1" complexity="1">
              <lines>
                <line number="19" hits="80" branch="False" />
                <line number="20" hits="80" branch="False" />
                <line number="21" hits="80" branch="False" />
                <line number="22" hits="80" branch="False" />
                <line number="23" hits="80" branch="False" />
                <line number="24" hits="80" branch="False" />
                <line number="25" hits="80" branch="False" />
                <line number="26" hits="80" branch="False" />
                <line number="27" hits="80" branch="False" />
              </lines>
            </method>
          </methods>
          <lines>
            <line number="7" hits="92" branch="False" />
            <line number="8" hits="88" branch="False" />
            <line number="9" hits="148" branch="False" />
            <line number="10" hits="92" branch="False" />
            <line number="11" hits="84" branch="False" />
            <line number="12" hits="92" branch="False" />
            <line number="15" hits="4" branch="False" />
            <line number="16" hits="4" branch="False" />
            <line number="17" hits="4" branch="False" />
            <line number="19" hits="80" branch="False" />
            <line number="20" hits="80" branch="False" />
            <line number="21" hits="80" branch="False" />
            <line number="22" hits="80" branch="False" />
            <line number="23" hits="80" branch="False" />
            <line number="24" hits="80" branch="False" />
            <line number="25" hits="80" branch="False" />
            <line number="26" hits="80" branch="False" />
            <line number="27" hits="80" branch="False" />
          </lines>
        </class>
        <class name="TarjetaSube.Colectivo" filename="Colectivo.cs" line-rate="0.9591" branch-rate="0.9166" complexity="15">
          <methods>
            <method name="get_Linea" signature="()" line-rate="1" branch-rate="1" complexity="1">
              <lines>
                <line number="8" hits="117" branch="False" />
              </lines>
            </method>
            <method name="PagarCon" signature="(TarjetaSube.Tarjeta)" line-rate="0.95" branch-rate="0.9166" complexity="12">
              <lines>
                <line number="22" hits="81" branch="False" />
                <line number="23" hits="81" branch="True" condition-coverage="50% (1/2)">
                  <conditions>
                    <condition number="9" type="jump" coverage="50%" />
                  </conditions>
                </line>
                <line number="24" hits="0" branch="False" />
                <line number="25" hits="0" branch="False" />
                <line number="28" hits="81" branch="True" condition-coverage="100% (2/2)">
                  <conditions>
                    <condition number="42" type="jump" coverage="100%" />
                  </conditions>
                </line>
                <line number="29" hits="2" branch="False" />
                <line number="30" hits="2" branch="False" />
                <line number="33" hits="79" branch="False" />
                <line number="36" hits="79" branch="True" condition-coverage="100% (2/2)">
                  <conditions>
                    <condition number="75" type="jump" coverage="100%" />
                  </conditions>
                </line>
                <line number="37" hits="13" branch="False" />
                <line number="38" hits="13" branch="False" />
                <line number="39" hits="13" branch="False" />
                <line number="40" hits="66" branch="True" condition-coverage="100% (2/2)">
                  <conditions>
                    <condition number="105" type="jump" coverage="100%" />
                  </conditions>
                </line>
                <line number="41" hits="19" branch="False" />
                <line number="42" hits="19" branch="False" />
                <line number="43" hits="19" branch="False" />
                <line number="44" hits="47" branch="True" condition-coverage="100% (2/2)">
                  <conditions>
                    <condition number="142" type="jump" coverage="100%" />
                  </conditions>
                </line>
                <line number="45" hits="33" branch="False" />
                <line number="46" hits="33" branch="False" />
                <line number="47" hits="33" branch="False" />
                <line number="49" hits="14" branch="False" />
                <line number="51" hits="14" branch="False" />
                <line number="52" hits="14" branch="False" />
                <line number="53" hits="14" branch="False" />
                <line number="55" hits="79" branch="True" condition-coverage="100% (2/2)">
                  <conditions>
                    <condition number="200" type="jump" coverage="100%" />
                  </conditions>
                </line>
                <line number="56" hits="3" branch="False" />
                <line number="57" hits="3" branch="False" />
                <line number="60" hits="76" branch="False" />
                <line number="62" hits="76" branch="False" />
                <line number="64" hits="76" branch="False" />
                <line number="66" hits="76" branch="False" />
                <line number="67" hits="76" branch="False" />
                <line number="68" hits="76" branch="False" />
                <line number="69" hits="76" branch="False" />
                <line number="70" hits="76" branch="False" />
                <line number="71" hits="76" branch="False" />
                <line number="72" hits="76" branch="False" />
                <line number="73" hits="76" branch="False" />
                <line number="75" hits="76" branch="False" />
                <line number="76" hits="81" branch="False" />
              </lines>
            </method>
            <method name=".ctor" signature="(System.String)" line-rate="1" branch-rate="1" complexity="1">
              <lines>
                <line number="11" hits="11" branch="False" />
                <line number="12" hits="11" branch="False" />
                <line number="13" hits="11" branch="False" />
              </lines>
            </method>
            <method name=".ctor" signature="(System.String,TarjetaSube.Tiempo)" line-rate="1" branch-rate="1" complexity="1">
              <lines>
                <line number="15" hits="40" branch="False" />
                <line number="16" hits="40" branch="False" />
                <line number="17" hits="40" branch="False" />
                <line number="18" hits="40" branch="False" />
                <line number="19" hits="40" branch="False" />
              </lines>
            </method>
          </methods>
          <lines>
            <line number="8" hits="117" branch="False" />
            <line number="22" hits="81" branch="False" />
            <line number="23" hits="81" branch="True" condition-coverage="50% (1/2)">
              <conditions>
                <condition number="9" type="jump" coverage="50%" />
              </conditions>
            </line>
            <line number="24" hits="0" branch="False" />
            <line number="25" hits="0" branch="False" />
            <line number="28" hits="81" branch="True" condition-coverage="100% (2/2)">
              <conditions>
                <condition number="42" type="jump" coverage="100%" />
              </conditions>
            </line>
            <line number="29" hits="2" branch="False" />
            <line number="30" hits="2" branch="False" />
            <line number="33" hits="79" branch="False" />
            <line number="36" hits="79" branch="True" condition-coverage="100% (2/2)">
              <conditions>
                <condition number="75" type="jump" coverage="100%" />
              </conditions>
            </line>
            <line number="37" hits="13" branch="False" />
            <line number="38" hits="13" branch="False" />
            <line number="39" hits="13" branch="False" />
            <line number="40" hits="66" branch="True" condition-coverage="100% (2/2)">
              <conditions>
                <condition number="105" type="jump" coverage="100%" />
              </conditions>
            </line>
            <line number="41" hits="19" branch="False" />
            <line number="42" hits="19" branch="False" />
            <line number="43" hits="19" branch="False" />
            <line number="44" hits="47" branch="True" condition-coverage="100% (2/2)">
              <conditions>
                <condition number="142" type="jump" coverage="100%" />
              </conditions>
            </line>
            <line number="45" hits="33" branch="False" />
            <line number="46" hits="33" branch="False" />
            <line number="47" hits="33" branch="False" />
            <line number="49" hits="14" branch="False" />
            <line number="51" hits="14" branch="False" />
            <line number="52" hits="14" branch="False" />
            <line number="53" hits="14" branch="False" />
            <line number="55" hits="79" branch="True" condition-coverage="100% (2/2)">
              <conditions>
                <condition number="200" type="jump" coverage="100%" />
              </conditions>
            </line>
            <line number="56" hits="3" branch="False" />
            <line number="57" hits="3" branch="False" />
            <line number="60" hits="76" branch="False" />
            <line number="62" hits="76" branch="False" />
            <line number="64" hits="76" branch="False" />
            <line number="66" hits="76" branch="False" />
            <line number="67" hits="76" branch="False" />
            <line number="68" hits="76" branch="False" />
            <line number="69" hits="76" branch="False" />
            <line number="70" hits="76" branch="False" />
            <line number="71" hits="76" branch="False" />
            <line number="72" hits="76" branch="False" />
            <line number="73" hits="76" branch="False" />
            <line number="75" hits="76" branch="False" />
            <line number="76" hits="81" branch="False" />
            <line number="11" hits="11" branch="False" />
            <line number="12" hits="11" branch="False" />
            <line number="13" hits="11" branch="False" />
            <line number="15" hits="40" branch="False" />
            <line number="16" hits="40" branch="False" />
            <line number="17" hits="40" branch="False" />
            <line number="18" hits="40" branch="False" />
            <line number="19" hits="40" branch="False" />
          </lines>
        </class>
        <class name="TarjetaSube.Program" filename="Program.cs" line-rate="0" branch-rate="1" complexity="1">
          <methods>
            <method name="Main" signature="()" line-rate="0" branch-rate="1" complexity="1">
              <lines>
                <line number="9" hits="0" branch="False" />
                <line number="11" hits="0" branch="False" />
              </lines>
            </method>
          </methods>
          <lines>
            <line number="9" hits="0" branch="False" />
            <line number="11" hits="0" branch="False" />
          </lines>
        </class>
        <class name="TarjetaSube.Tarjeta" filename="Tarjeta.cs" line-rate="0.9882" branch-rate="1" complexity="34">
          <methods>
            <method name="get_Id" signature="()" line-rate="1" branch-rate="1" complexity="1">
              <lines>
                <line number="8" hits="179" branch="False" />
              </lines>
            </method>
            <method name="get_Saldo" signature="()" line-rate="0" branch-rate="1" complexity="1">
              <lines>
                <line number="20" hits="0" branch="False" />
              </lines>
            </method>
            <method name="get_SaldoPendiente" signature="()" line-rate="1" branch-rate="1" complexity="1">
              <lines>
                <line number="21" hits="5" branch="False" />
              </lines>
            </method>
            <method name="ObtenerSaldo" signature="()" line-rate="1" branch-rate="1" complexity="1">
              <lines>
                <line number="31" hits="217" branch="False" />
                <line number="32" hits="217" branch="False" />
                <line number="33" hits="217" branch="False" />
              </lines>
            </method>
            <method name="Cargar" signature="(System.Int32)" line-rate="1" branch-rate="1" complexity="8">
              <lines>
                <line number="36" hits="64" branch="False" />
                <line number="37" hits="64" branch="False" />
                <line number="38" hits="938" branch="True" condition-coverage="100% (2/2)">
                  <conditions>
                    <condition number="46" type="jump" coverage="100%" />
                  </conditions>
                </line>
                <line number="39" hits="404" branch="False" />
                <line number="40" hits="404" branch="True" condition-coverage="100% (2/2)">
                  <conditions>
                    <condition number="30" type="jump" coverage="100%" />
                  </conditions>
                </line>
                <line number="41" hits="62" branch="False" />
                <line number="42" hits="62" branch="False" />
                <line number="43" hits="62" branch="False" />
                <line number="45" hits="342" branch="False" />
                <line number="47" hits="66" branch="True" condition-coverage="100% (2/2)">
                  <conditions>
                    <condition number="56" type="jump" coverage="100%" />
                  </conditions>
                </line>
                <line number="49" hits="62" branch="False" />
                <line number="51" hits="62" branch="True" condition-coverage="100% (2/2)">
                  <conditions>
                    <condition number="84" type="jump" coverage="100%" />
                  </conditions>
                </line>
                <line number="52" hits="11" branch="False" />
                <line number="53" hits="11" branch="False" />
                <line number="54" hits="11" branch="False" />
                <line number="55" hits="11" branch="False" />
                <line number="57" hits="51" branch="False" />
                <line number="58" hits="51" branch="False" />
                <line number="59" hits="51" branch="False" />
                <line number="61" hits="62" branch="False" />
                <line number="62" hits="64" branch="False" />
              </lines>
            </method>
            <method name="AcreditarCarga" signature="()" line-rate="1" branch-rate="1" complexity="4">
              <lines>
                <line number="65" hits="61" branch="False" />
                <line number="66" hits="61" branch="True" condition-coverage="100% (4/4)">
                  <conditions>
                    <condition number="8" type="jump" coverage="100%" />
                    <condition number="28" type="jump" coverage="100%" />
                  </conditions>
                </line>
                <line number="67" hits="11" branch="False" />
                <line number="68" hits="11" branch="False" />
                <line number="69" hits="11" branch="False" />
                <line number="71" hits="11" branch="False" />
                <line number="72" hits="11" branch="False" />
                <line number="73" hits="11" branch="False" />
                <line number="74" hits="61" branch="False" />
              </lines>
            </method>
            <method name="Descontar" signature="(System.Int32)" line-rate="1" branch-rate="1" complexity="2">
              <lines>
                <line number="77" hits="34" branch="False" />
                <line number="78" hits="34" branch="True" condition-coverage="100% (2/2)">
                  <conditions>
                    <condition number="18" type="jump" coverage="100%" />
                  </conditions>
                </line>
                <line number="79" hits="2" branch="False" />
                <line number="80" hits="2" branch="False" />
                <line number="83" hits="32" branch="False" />
                <line number="84" hits="32" branch="False" />
                <line number="85" hits="32" branch="False" />
                <line number="86" hits="34" branch="False" />
              </lines>
            </method>
            <method name="ObtenerDescuento" signature="(TarjetaSube.Tiempo)" line-rate="1" branch-rate="1" complexity="10">
              <lines>
                <line number="90" hits="14" branch="False" />
                <line number="91" hits="14" branch="False" />
                <line number="93" hits="14" branch="True" condition-coverage="100% (2/2)">
                  <conditions>
                    <condition number="28" type="jump" coverage="100%" />
                  </conditions>
                </line>
                <line number="94" hits="9" branch="False" />
                <line number="95" hits="9" branch="False" />
                <line number="96" hits="9" branch="False" />
                <line number="97" hits="9" branch="False" />
                <line number="99" hits="14" branch="True" condition-coverage="100% (4/4)">
                  <conditions>
                    <condition number="60" type="jump" coverage="100%" />
                    <condition number="80" type="jump" coverage="100%" />
                  </conditions>
                </line>
                <line number="100" hits="1" branch="False" />
                <line number="101" hits="13" branch="True" condition-coverage="100% (4/4)">
                  <conditions>
                    <condition number="102" type="jump" coverage="100%" />
                    <condition number="124" type="jump" coverage="100%" />
                  </conditions>
                </line>
                <line number="102" hits="1" branch="False" />
                <line number="103" hits="12" branch="False" />
                <line number="104" hits="14" branch="False" />
              </lines>
            </method>
            <method name="CalcularTarifaConDescuento" signature="(System.Int32,TarjetaSube.Tiempo)" line-rate="1" branch-rate="1" complexity="1">
              <lines>
                <line number="107" hits="14" branch="False" />
                <line number="108" hits="14" branch="False" />
                <line number="109" hits="14" branch="False" />
                <line number="110" hits="14" branch="False" />
              </lines>
            </method>
            <method name="ObtenerCantidadViajesMes" signature="()" line-rate="1" branch-rate="1" complexity="1">
              <lines>
                <line number="113" hits="1" branch="False" />
                <line number="114" hits="1" branch="False" />
                <line number="115" hits="1" branch="False" />
              </lines>
            </method>
            <method name="PuedeViajar" signature="(TarjetaSube.Tiempo)" line-rate="1" branch-rate="1" complexity="1">
              <lines>
                <line number="118" hits="66" branch="False" />
                <line number="119" hits="66" branch="False" />
                <line number="120" hits="66" branch="False" />
              </lines>
            </method>
            <method name="RegistrarViaje" signature="(TarjetaSube.Tiempo)" line-rate="1" branch-rate="1" complexity="2">
              <lines>
                <line number="123" hits="254" branch="False" />
                <line number="124" hits="254" branch="False" />
                <line number="126" hits="254" branch="True" condition-coverage="100% (2/2)">
                  <conditions>
                    <condition number="28" type="jump" coverage="100%" />
                  </conditions>
                </line>
                <line number="127" hits="6" branch="False" />
                <line number="128" hits="6" branch="False" />
                <line number="129" hits="6" branch="False" />
                <line number="130" hits="6" branch="False" />
                <line number="132" hits="254" branch="False" />
                <line number="133" hits="254" branch="False" />
              </lines>
            </method>
            <method name=".ctor" signature="()" line-rate="1" branch-rate="1" complexity="1">
              <lines>
                <line number="13" hits="78" branch="False" />
                <line number="17" hits="78" branch="False" />
                <line number="18" hits="78" branch="False" />
                <line number="23" hits="78" branch="False" />
                <line number="24" hits="78" branch="False" />
                <line number="25" hits="78" branch="False" />
                <line number="26" hits="78" branch="False" />
                <line number="27" hits="78" branch="False" />
                <line number="28" hits="78" branch="False" />
              </lines>
            </method>
          </methods>
          <lines>
            <line number="8" hits="179" branch="False" />
            <line number="20" hits="0" branch="False" />
            <line number="21" hits="5" branch="False" />
            <line number="31" hits="217" branch="False" />
            <line number="32" hits="217" branch="False" />
            <line number="33" hits="217" branch="False" />
            <line number="36" hits="64" branch="False" />
            <line number="37" hits="64" branch="False" />
            <line number="38" hits="938" branch="True" condition-coverage="100% (2/2)">
              <conditions>
                <condition number="46" type="jump" coverage="100%" />
              </conditions>
            </line>
            <line number="39" hits="404" branch="False" />
            <line number="40" hits="404" branch="True" condition-coverage="100% (2/2)">
              <conditions>
                <condition number="30" type="jump" coverage="100%" />
              </conditions>
            </line>
            <line number="41" hits="62" branch="False" />
            <line number="42" hits="62" branch="False" />
            <line number="43" hits="62" branch="False" />
            <line number="45" hits="342" branch="False" />
            <line number="47" hits="66" branch="True" condition-coverage="100% (2/2)">
              <conditions>
                <condition number="56" type="jump" coverage="100%" />
              </conditions>
            </line>
            <line number="49" hits="62" branch="False" />
            <line number="51" hits="62" branch="True" condition-coverage="100% (2/2)">
              <conditions>
                <condition number="84" type="jump" coverage="100%" />
              </conditions>
            </line>
            <line number="52" hits="11" branch="False" />
            <line number="53" hits="11" branch="False" />
            <line number="54" hits="11" branch="False" />
            <line number="55" hits="11" branch="False" />
            <line number="57" hits="51" branch="False" />
            <line number="58" hits="51" branch="False" />
            <line number="59" hits="51" branch="False" />
            <line number="61" hits="62" branch="False" />
            <line number="62" hits="64" branch="False" />
            <line number="65" hits="61" branch="False" />
            <line number="66" hits="61" branch="True" condition-coverage="100% (4/4)">
              <conditions>
                <condition number="8" type="jump" coverage="100%" />
                <condition number="28" type="jump" coverage="100%" />
              </conditions>
            </line>
            <line number="67" hits="11" branch="False" />
            <line number="68" hits="11" branch="False" />
            <line number="69" hits="11" branch="False" />
            <line number="71" hits="11" branch="False" />
            <line number="72" hits="11" branch="False" />
            <line number="73" hits="11" branch="False" />
            <line number="74" hits="61" branch="False" />
            <line number="77" hits="34" branch="False" />
            <line number="78" hits="34" branch="True" condition-coverage="100% (2/2)">
              <conditions>
                <condition number="18" type="jump" coverage="100%" />
              </conditions>
            </line>
            <line number="79" hits="2" branch="False" />
            <line number="80" hits="2" branch="False" />
            <line number="83" hits="32" branch="False" />
            <line number="84" hits="32" branch="False" />
            <line number="85" hits="32" branch="False" />
            <line number="86" hits="34" branch="False" />
            <line number="90" hits="14" branch="False" />
            <line number="91" hits="14" branch="False" />
            <line number="93" hits="14" branch="True" condition-coverage="100% (2/2)">
              <conditions>
                <condition number="28" type="jump" coverage="100%" />
              </conditions>
            </line>
            <line number="94" hits="9" branch="False" />
            <line number="95" hits="9" branch="False" />
            <line number="96" hits="9" branch="False" />
            <line number="97" hits="9" branch="False" />
            <line number="99" hits="14" branch="True" condition-coverage="100% (4/4)">
              <conditions>
                <condition number="60" type="jump" coverage="100%" />
                <condition number="80" type="jump" coverage="100%" />
              </conditions>
            </line>
            <line number="100" hits="1" branch="False" />
            <line number="101" hits="13" branch="True" condition-coverage="100% (4/4)">
              <conditions>
                <condition number="102" type="jump" coverage="100%" />
                <condition number="124" type="jump" coverage="100%" />
              </conditions>
            </line>
            <line number="102" hits="1" branch="False" />
            <line number="103" hits="12" branch="False" />
            <line number="104" hits="14" branch="False" />
            <line number="107" hits="14" branch="False" />
            <line number="108" hits="14" branch="False" />
            <line number="109" hits="14" branch="False" />
            <line number="110" hits="14" branch="False" />
            <line number="113" hits="1" branch="False" />
            <line number="114" hits="1" branch="False" />
            <line number="115" hits="1" branch="False" />
            <line number="118" hits="66" branch="False" />
            <line number="119" hits="66" branch="False" />
            <line number="120" hits="66" branch="False" />
            <line number="123" hits="254" branch="False" />
            <line number="124" hits="254" branch="False" />
            <line number="126" hits="254" branch="True" condition-coverage="100% (2/2)">
              <conditions>
                <condition number="28" type="jump" coverage="100%" />
              </conditions>
            </line>
            <line number="127" hits="6" branch="False" />
            <line number="128" hits="6" branch="False" />
            <line number="129" hits="6" branch="False" />
            <line number="130" hits="6" branch="False" />
            <line number="132" hits="254" branch="False" />
            <line number="133" hits="254" branch="False" />
            <line number="13" hits="78" branch="False" />
            <line number="17" hits="78" branch="False" />
            <line number="18" hits="78" branch="False" />
            <line number="23" hits="78" branch="False" />
            <line number="24" hits="78" branch="False" />
            <line number="25" hits="78" branch="False" />
            <line number="26" hits="78" branch="False" />
            <line number="27" hits="78" branch="False" />
            <line number="28" hits="78" branch="False" />
          </lines>
        </class>
        <class name="TarjetaSube.MedioBoleto" filename="Tarjeta.cs" line-rate="0.7142000000000001" branch-rate="0.7222" complexity="19">
          <methods>
            <method name="Descontar" signature="(System.Int32)" line-rate="0" branch-rate="0" complexity="2">
              <lines>
                <line number="148" hits="0" branch="False" />
                <line number="149" hits="0" branch="False" />
                <line number="150" hits="0" branch="True" condition-coverage="0% (0/2)">
                  <conditions>
                    <condition number="22" type="jump" coverage="0%" />
                  </conditions>
                </line>
                <line number="151" hits="0" branch="False" />
                <line number="152" hits="0" branch="False" />
                <line number="153" hits="0" branch="False" />
                <line number="154" hits="0" branch="False" />
              </lines>
            </method>
            <method name="PuedeViajar" signature="(TarjetaSube.Tiempo)" line-rate="1" branch-rate="1" complexity="8">
              <lines>
                <line number="157" hits="15" branch="False" />
                <line number="158" hits="15" branch="False" />
                <line number="160" hits="15" branch="True" condition-coverage="100% (2/2)">
                  <conditions>
                    <condition number="21" type="jump" coverage="100%" />
                  </conditions>
                </line>
                <line number="161" hits="8" branch="False" />
                <line number="162" hits="8" branch="False" />
                <line number="163" hits="8" branch="True" condition-coverage="100% (2/2)">
                  <conditions>
                    <condition number="62" type="jump" coverage="100%" />
                  </conditions>
                </line>
                <line number="164" hits="2" branch="False" />
                <line number="165" hits="2" branch="False" />
                <line number="167" hits="6" branch="False" />
                <line number="169" hits="13" branch="True" condition-coverage="100% (4/4)">
                  <conditions>
                    <condition number="82" type="jump" coverage="100%" />
                    <condition number="123" type="jump" coverage="100%" />
                  </conditions>
                </line>
                <line number="170" hits="8" branch="False" />
                <line number="171" hits="8" branch="False" />
                <line number="172" hits="8" branch="False" />
                <line number="173" hits="8" branch="False" />
                <line number="175" hits="13" branch="False" />
                <line number="176" hits="15" branch="False" />
              </lines>
            </method>
            <method name="RegistrarViaje" signature="(TarjetaSube.Tiempo)" line-rate="0.6" branch-rate="0.5" complexity="4">
              <lines>
                <line number="179" hits="13" branch="False" />
                <line number="180" hits="13" branch="False" />
                <line number="181" hits="13" branch="False" />
                <line number="183" hits="13" branch="True" condition-coverage="50% (2/4)">
                  <conditions>
                    <condition number="31" type="jump" coverage="50%" />
                    <condition number="69" type="jump" coverage="50%" />
                  </conditions>
                </line>
                <line number="184" hits="0" branch="False" />
                <line number="185" hits="0" branch="False" />
                <line number="186" hits="0" branch="False" />
                <line number="187" hits="0" branch="False" />
                <line number="189" hits="13" branch="False" />
                <line number="190" hits="13" branch="False" />
              </lines>
            </method>
            <method name="ObtenerTarifaActual" signature="()" line-rate="1" branch-rate="1" complexity="2">
              <lines>
                <line number="193" hits="13" branch="False" />
                <line number="194" hits="13" branch="True" condition-coverage="100% (2/2)">
                  <conditions>
                    <condition number="15" type="jump" coverage="100%" />
                  </conditions>
                </line>
                <line number="195" hits="2" branch="False" />
                <line number="196" hits="2" branch="False" />
                <line number="198" hits="11" branch="False" />
                <line number="199" hits="13" branch="False" />
              </lines>
            </method>
            <method name="DescontarSegunViajes" signature="()" line-rate="1" branch-rate="0.5" complexity="2">
              <lines>
                <line number="202" hits="13" branch="False" />
                <line number="203" hits="13" branch="False" />
                <line number="204" hits="13" branch="True" condition-coverage="50% (1/2)">
                  <conditions>
                    <condition number="25" type="jump" coverage="50%" />
                  </conditions>
                </line>
                <line number="205" hits="13" branch="False" />
                <line number="206" hits="13" branch="False" />
                <line number="207" hits="13" branch="False" />
                <line number="208" hits="13" branch="False" />
              </lines>
            </method>
            <method name="CalcularTarifaConDescuento" signature="(System.Int32,TarjetaSube.Tiempo)" line-rate="0" branch-rate="1" complexity="1">
              <lines>
                <line number="212" hits="0" branch="False" />
                <line number="213" hits="0" branch="False" />
                <line number="214" hits="0" branch="False" />
              </lines>
            </method>
          </methods>
          <lines>
            <line number="148" hits="0" branch="False" />
            <line number="149" hits="0" branch="False" />
            <line number="150" hits="0" branch="True" condition-coverage="0% (0/2)">
              <conditions>
                <condition number="22" type="jump" coverage="0%" />
              </conditions>
            </line>
            <line number="151" hits="0" branch="False" />
            <line number="152" hits="0" branch="False" />
            <line number="153" hits="0" branch="False" />
            <line number="154" hits="0" branch="False" />
            <line number="157" hits="15" branch="False" />
            <line number="158" hits="15" branch="False" />
            <line number="160" hits="15" branch="True" condition-coverage="100% (2/2)">
              <conditions>
                <condition number="21" type="jump" coverage="100%" />
              </conditions>
            </line>
            <line number="161" hits="8" branch="False" />
            <line number="162" hits="8" branch="False" />
            <line number="163" hits="8" branch="True" condition-coverage="100% (2/2)">
              <conditions>
                <condition number="62" type="jump" coverage="100%" />
              </conditions>
            </line>
            <line number="164" hits="2" branch="False" />
            <line number="165" hits="2" branch="False" />
            <line number="167" hits="6" branch="False" />
            <line number="169" hits="13" branch="True" condition-coverage="100% (4/4)">
              <conditions>
                <condition number="82" type="jump" coverage="100%" />
                <condition number="123" type="jump" coverage="100%" />
              </conditions>
            </line>
            <line number="170" hits="8" branch="False" />
            <line number="171" hits="8" branch="False" />
            <line number="172" hits="8" branch="False" />
            <line number="173" hits="8" branch="False" />
            <line number="175" hits="13" branch="False" />
            <line number="176" hits="15" branch="False" />
            <line number="179" hits="13" branch="False" />
            <line number="180" hits="13" branch="False" />
            <line number="181" hits="13" branch="False" />
            <line number="183" hits="13" branch="True" condition-coverage="50% (2/4)">
              <conditions>
                <condition number="31" type="jump" coverage="50%" />
                <condition number="69" type="jump" coverage="50%" />
              </conditions>
            </line>
            <line number="184" hits="0" branch="False" />
            <line number="185" hits="0" branch="False" />
            <line number="186" hits="0" branch="False" />
            <line number="187" hits="0" branch="False" />
            <line number="189" hits="13" branch="False" />
            <line number="190" hits="13" branch="False" />
            <line number="193" hits="13" branch="False" />
            <line number="194" hits="13" branch="True" condition-coverage="100% (2/2)">
              <conditions>
                <condition number="15" type="jump" coverage="100%" />
              </conditions>
            </line>
            <line number="195" hits="2" branch="False" />
            <line number="196" hits="2" branch="False" />
            <line number="198" hits="11" branch="False" />
            <line number="199" hits="13" branch="False" />
            <line number="202" hits="13" branch="False" />
            <line number="203" hits="13" branch="False" />
            <line number="204" hits="13" branch="True" condition-coverage="50% (1/2)">
              <conditions>
                <condition number="25" type="jump" coverage="50%" />
              </conditions>
            </line>
            <line number="205" hits="13" branch="False" />
            <line number="206" hits="13" branch="False" />
            <line number="207" hits="13" branch="False" />
            <line number="208" hits="13" branch="False" />
            <line number="212" hits="0" branch="False" />
            <line number="213" hits="0" branch="False" />
            <line number="214" hits="0" branch="False" />
          </lines>
        </class>
        <class name="TarjetaSube.BoletoGratuito" filename="Tarjeta.cs" line-rate="0.7646999999999999" branch-rate="0.8571" complexity="16">
          <methods>
            <method name="Descontar" signature="(System.Int32)" line-rate="0" branch-rate="1" complexity="1">
              <lines>
                <line number="226" hits="0" branch="False" />
              </lines>
            </method>
            <method name="RegistrarViaje" signature="(TarjetaSube.Tiempo)" line-rate="0.5555" branch-rate="0.5" complexity="4">
              <lines>
                <line number="229" hits="20" branch="False" />
                <line number="230" hits="20" branch="False" />
                <line number="232" hits="20" branch="True" condition-coverage="50% (2/4)">
                  <conditions>
                    <condition number="19" type="jump" coverage="50%" />
                    <condition number="57" type="jump" coverage="50%" />
                  </conditions>
                </line>
                <line number="233" hits="0" branch="False" />
                <line number="234" hits="0" branch="False" />
                <line number="235" hits="0" branch="False" />
                <line number="236" hits="0" branch="False" />
                <line number="238" hits="20" branch="False" />
                <line number="239" hits="20" branch="False" />
              </lines>
            </method>
            <method name="ObtenerTarifaActual" signature="()" line-rate="1" branch-rate="1" complexity="2">
              <lines>
                <line number="242" hits="23" branch="False" />
                <line number="243" hits="23" branch="True" condition-coverage="100% (2/2)">
                  <conditions>
                    <condition number="15" type="jump" coverage="100%" />
                  </conditions>
                </line>
                <line number="244" hits="7" branch="False" />
                <line number="245" hits="16" branch="False" />
                <line number="246" hits="23" branch="False" />
              </lines>
            </method>
            <method name="DescontarSegunViajes" signature="(TarjetaSube.Tiempo)" line-rate="1" branch-rate="1" complexity="8">
              <lines>
                <line number="249" hits="23" branch="False" />
                <line number="250" hits="23" branch="False" />
                <line number="252" hits="23" branch="True" condition-coverage="100% (4/4)">
                  <conditions>
                    <condition number="19" type="jump" coverage="100%" />
                    <condition number="57" type="jump" coverage="100%" />
                  </conditions>
                </line>
                <line number="253" hits="10" branch="False" />
                <line number="254" hits="10" branch="False" />
                <line number="255" hits="10" branch="False" />
                <line number="256" hits="10" branch="False" />
                <line number="258" hits="23" branch="False" />
                <line number="260" hits="23" branch="True" condition-coverage="100% (2/2)">
                  <conditions>
                    <condition number="95" type="jump" coverage="100%" />
                  </conditions>
                </line>
                <line number="261" hits="16" branch="False" />
                <line number="263" hits="7" branch="True" condition-coverage="100% (2/2)">
                  <conditions>
                    <condition number="121" type="jump" coverage="100%" />
                  </conditions>
                </line>
                <line number="264" hits="1" branch="False" />
                <line number="266" hits="6" branch="False" />
                <line number="267" hits="6" branch="False" />
                <line number="268" hits="6" branch="False" />
                <line number="269" hits="23" branch="False" />
              </lines>
            </method>
            <method name="CalcularTarifaConDescuento" signature="(System.Int32,TarjetaSube.Tiempo)" line-rate="0" branch-rate="1" complexity="1">
              <lines>
                <line number="273" hits="0" branch="False" />
                <line number="274" hits="0" branch="False" />
                <line number="275" hits="0" branch="False" />
              </lines>
            </method>
          </methods>
          <lines>
            <line number="226" hits="0" branch="False" />
            <line number="229" hits="20" branch="False" />
            <line number="230" hits="20" branch="False" />
            <line number="232" hits="20" branch="True" condition-coverage="50% (2/4)">
              <conditions>
                <condition number="19" type="jump" coverage="50%" />
                <condition number="57" type="jump" coverage="50%" />
              </conditions>
            </line>
            <line number="233" hits="0" branch="False" />
            <line number="234" hits="0" branch="False" />
            <line number="235" hits="0" branch="False" />
            <line number="236" hits="0" branch="False" />
            <line number="238" hits="20" branch="False" />
            <line number="239" hits="20" branch="False" />
            <line number="242" hits="23" branch="False" />
            <line number="243" hits="23" branch="True" condition-coverage="100% (2/2)">
              <conditions>
                <condition number="15" type="jump" coverage="100%" />
              </conditions>
            </line>
            <line number="244" hits="7" branch="False" />
            <line number="245" hits="16" branch="False" />
            <line number="246" hits="23" branch="False" />
            <line number="249" hits="23" branch="False" />
            <line number="250" hits="23" branch="False" />
            <line number="252" hits="23" branch="True" condition-coverage="100% (4/4)">
              <conditions>
                <condition number="19" type="jump" coverage="100%" />
                <condition number="57" type="jump" coverage="100%" />
              </conditions>
            </line>
            <line number="253" hits="10" branch="False" />
            <line number="254" hits="10" branch="False" />
            <line number="255" hits="10" branch="False" />
            <line number="256" hits="10" branch="False" />
            <line number="258" hits="23" branch="False" />
            <line number="260" hits="23" branch="True" condition-coverage="100% (2/2)">
              <conditions>
                <condition number="95" type="jump" coverage="100%" />
              </conditions>
            </line>
            <line number="261" hits="16" branch="False" />
            <line number="263" hits="7" branch="True" condition-coverage="100% (2/2)">
              <conditions>
                <condition number="121" type="jump" coverage="100%" />
              </conditions>
            </line>
            <line number="264" hits="1" branch="False" />
            <line number="266" hits="6" branch="False" />
            <line number="267" hits="6" branch="False" />
            <line number="268" hits="6" branch="False" />
            <line number="269" hits="23" branch="False" />
            <line number="273" hits="0" branch="False" />
            <line number="274" hits="0" branch="False" />
            <line number="275" hits="0" branch="False" />
          </lines>
        </class>
        <class name="TarjetaSube.FranquiciaCompleta" filename="Tarjeta.cs" line-rate="0.7646999999999999" branch-rate="0.8571" complexity="16">
          <methods>
            <method name="Descontar" signature="(System.Int32)" line-rate="0" branch-rate="1" complexity="1">
              <lines>
                <line number="287" hits="0" branch="False" />
              </lines>
            </method>
            <method name="RegistrarViaje" signature="(TarjetaSube.Tiempo)" line-rate="0.5555" branch-rate="0.5" complexity="4">
              <lines>
                <line number="290" hits="32" branch="False" />
                <line number="291" hits="32" branch="False" />
                <line number="293" hits="32" branch="True" condition-coverage="50% (2/4)">
                  <conditions>
                    <condition number="19" type="jump" coverage="50%" />
                    <condition number="57" type="jump" coverage="50%" />
                  </conditions>
                </line>
                <line number="294" hits="0" branch="False" />
                <line number="295" hits="0" branch="False" />
                <line number="296" hits="0" branch="False" />
                <line number="297" hits="0" branch="False" />
                <line number="299" hits="32" branch="False" />
                <line number="300" hits="32" branch="False" />
              </lines>
            </method>
            <method name="ObtenerTarifaActual" signature="()" line-rate="1" branch-rate="1" complexity="2">
              <lines>
                <line number="303" hits="33" branch="False" />
                <line number="304" hits="33" branch="True" condition-coverage="100% (2/2)">
                  <conditions>
                    <condition number="15" type="jump" coverage="100%" />
                  </conditions>
                </line>
                <line number="305" hits="10" branch="False" />
                <line number="306" hits="23" branch="False" />
                <line number="307" hits="33" branch="False" />
              </lines>
            </method>
            <method name="DescontarSegunViajes" signature="(TarjetaSube.Tiempo)" line-rate="1" branch-rate="1" complexity="8">
              <lines>
                <line number="310" hits="33" branch="False" />
                <line number="311" hits="33" branch="False" />
                <line number="313" hits="33" branch="True" condition-coverage="100% (4/4)">
                  <conditions>
                    <condition number="19" type="jump" coverage="100%" />
                    <condition number="57" type="jump" coverage="100%" />
                  </conditions>
                </line>
                <line number="314" hits="14" branch="False" />
                <line number="315" hits="14" branch="False" />
                <line number="316" hits="14" branch="False" />
                <line number="317" hits="14" branch="False" />
                <line number="319" hits="33" branch="False" />
                <line number="321" hits="33" branch="True" condition-coverage="100% (2/2)">
                  <conditions>
                    <condition number="95" type="jump" coverage="100%" />
                  </conditions>
                </line>
                <line number="322" hits="23" branch="False" />
                <line number="324" hits="10" branch="True" condition-coverage="100% (2/2)">
                  <conditions>
                    <condition number="121" type="jump" coverage="100%" />
                  </conditions>
                </line>
                <line number="325" hits="1" branch="False" />
                <line number="327" hits="9" branch="False" />
                <line number="328" hits="9" branch="False" />
                <line number="329" hits="9" branch="False" />
                <line number="330" hits="33" branch="False" />
              </lines>
            </method>
            <method name="CalcularTarifaConDescuento" signature="(System.Int32,TarjetaSube.Tiempo)" line-rate="0" branch-rate="1" complexity="1">
              <lines>
                <line number="334" hits="0" branch="False" />
                <line number="335" hits="0" branch="False" />
                <line number="336" hits="0" branch="False" />
              </lines>
            </method>
          </methods>
          <lines>
            <line number="287" hits="0" branch="False" />
            <line number="290" hits="32" branch="False" />
            <line number="291" hits="32" branch="False" />
            <line number="293" hits="32" branch="True" condition-coverage="50% (2/4)">
              <conditions>
                <condition number="19" type="jump" coverage="50%" />
                <condition number="57" type="jump" coverage="50%" />
              </conditions>
            </line>
            <line number="294" hits="0" branch="False" />
            <line number="295" hits="0" branch="False" />
            <line number="296" hits="0" branch="False" />
            <line number="297" hits="0" branch="False" />
            <line number="299" hits="32" branch="False" />
            <line number="300" hits="32" branch="False" />
            <line number="303" hits="33" branch="False" />
            <line number="304" hits="33" branch="True" condition-coverage="100% (2/2)">
              <conditions>
                <condition number="15" type="jump" coverage="100%" />
              </conditions>
            </line>
            <line number="305" hits="10" branch="False" />
            <line number="306" hits="23" branch="False" />
            <line number="307" hits="33" branch="False" />
            <line number="310" hits="33" branch="False" />
            <line number="311" hits="33" branch="False" />
            <line number="313" hits="33" branch="True" condition-coverage="100% (4/4)">
              <conditions>
                <condition number="19" type="jump" coverage="100%" />
                <condition number="57" type="jump" coverage="100%" />
              </conditions>
            </line>
            <line number="314" hits="14" branch="False" />
            <line number="315" hits="14" branch="False" />
            <line number="316" hits="14" branch="False" />
            <line number="317" hits="14" branch="False" />
            <line number="319" hits="33" branch="False" />
            <line number="321" hits="33" branch="True" condition-coverage="100% (2/2)">
              <conditions>
                <condition number="95" type="jump" coverage="100%" />
              </conditions>
            </line>
            <line number="322" hits="23" branch="False" />
            <line number="324" hits="10" branch="True" condition-coverage="100% (2/2)">
              <conditions>
                <condition number="121" type="jump" coverage="100%" />
              </conditions>
            </line>
            <line number="325" hits="1" branch="False" />
            <line number="327" hits="9" branch="False" />
            <line number="328" hits="9" branch="False" />
            <line number="329" hits="9" branch="False" />
            <line number="330" hits="33" branch="False" />
            <line number="334" hits="0" branch="False" />
            <line number="335" hits="0" branch="False" />
            <line number="336" hits="0" branch="False" />
          </lines>
        </class>
        <class name="TarjetaSube.Tiempo" filename="Tiempo.cs" line-rate="1" branch-rate="1" complexity="2">
          <methods>
            <method name="Now" signature="()" line-rate="1" branch-rate="1" complexity="1">
              <lines>
                <line number="12" hits="36" branch="False" />
                <line number="13" hits="36" branch="False" />
                <line number="14" hits="36" branch="False" />
              </lines>
            </method>
            <method name=".ctor" signature="()" line-rate="1" branch-rate="1" complexity="1">
              <lines>
                <line number="7" hits="53" branch="False" />
                <line number="8" hits="53" branch="False" />
                <line number="9" hits="53" branch="False" />
              </lines>
            </method>
          </methods>
          <lines>
            <line number="12" hits="36" branch="False" />
            <line number="13" hits="36" branch="False" />
            <line number="14" hits="36" branch="False" />
            <line number="7" hits="53" branch="False" />
            <line number="8" hits="53" branch="False" />
            <line number="9" hits="53" branch="False" />
          </lines>
        </class>
        <class name="TarjetaSube.TiempoFalso" filename="TiempoFalso.cs" line-rate="1" branch-rate="1" complexity="4">
          <methods>
            <method name="Now" signature="()" line-rate="1" branch-rate="1" complexity="1">
              <lines>
                <line number="15" hits="454" branch="False" />
                <line number="16" hits="454" branch="False" />
                <line number="17" hits="454" branch="False" />
              </lines>
            </method>
            <method name="AgregarDias" signature="(System.Int32)" line-rate="1" branch-rate="1" complexity="1">
              <lines>
                <line number="20" hits="7" branch="False" />
                <line number="21" hits="7" branch="False" />
                <line number="22" hits="7" branch="False" />
              </lines>
            </method>
            <method name="AgregarMinutos" signature="(System.Int32)" line-rate="1" branch-rate="1" complexity="1">
              <lines>
                <line number="25" hits="9" branch="False" />
                <line number="26" hits="9" branch="False" />
                <line number="27" hits="9" branch="False" />
              </lines>
            </method>
            <method name=".ctor" signature="()" line-rate="1" branch-rate="1" complexity="1">
              <lines>
                <line number="9" hits="37" branch="False" />
                <line number="10" hits="37" branch="False" />
                <line number="11" hits="37" branch="False" />
                <line number="12" hits="37" branch="False" />
              </lines>
            </method>
          </methods>
          <lines>
            <line number="15" hits="454" branch="False" />
            <line number="16" hits="454" branch="False" />
            <line number="17" hits="454" branch="False" />
            <line number="20" hits="7" branch="False" />
            <line number="21" hits="7" branch="False" />
            <line number="22" hits="7" branch="False" />
            <line number="25" hits="9" branch="False" />
            <line number="26" hits="9" branch="False" />
            <line number="27" hits="9" branch="False" />
            <line number="9" hits="37" branch="False" />
            <line number="10" hits="37" branch="False" />
            <line number="11" hits="37" branch="False" />
            <line number="12" hits="37" branch="False" />
          </lines>
        </class>
      </classes>
    </package>
  </packages>
</coverage>